23:/root/.minetest/worlds/world/worldmods/mtt/coverage.lua
0 0 0 0 0 0 0 0 0 0 0 0 0 0 0 0 0 0 0 0 0 0 1 
23:/root/.minetest/worlds/world/worldmods/mtt/execute.lua
0 0 1 1 1 0 0 1 0 0 2 0 2 0 1 0 0 0 0 1 0 1 3 
7:/root/.minetest/worlds/world/worldmods/mtt/export_nodenames.lua
0 0 0 1 1 1 1 
41:/root/.minetest/worlds/world/worldmods/mtt/init.lua
0 0 0 0 0 0 0 0 0 0 0 0 0 0 0 0 0 0 0 0 0 0 0 0 0 0 0 0 0 0 0 0 0 0 0 0 1 0 0 1 1 
85:/root/.minetest/worlds/world/worldmods/mtt/player.lua
0 0 1 0 1 0 2 0 1 0 2 0 1 0 2 0 0 0 0 0 0 0 0 0 0 0 0 0 0 0 0 0 0 0 0 0 0 0 0 0 0 0 0 0 0 0 0 0 0 0 0 0 0 0 0 0 0 0 0 0 0 0 0 0 0 0 0 0 0 0 0 0 0 0 0 0 0 0 0 0 0 0 0 0 2 
58:/root/.minetest/worlds/world/worldmods/mtt/test.lua
0 0 0 1 1 0 1 2 1 0 0 0 0 0 0 0 0 0 0 1 1 1 0 0 0 0 0 0 0 0 0 0 0 0 0 0 0 0 0 0 0 0 0 0 0 0 0 0 0 0 0 0 0 0 0 0 1 1 
155:/root/.minetest/worlds/world/worldmods/mtt/util.lua
0 0 0 0 0 0 0 0 0 0 0 0 0 0 0 0 0 0 0 0 0 0 0 0 0 0 0 0 0 0 0 0 0 0 0 0 0 0 0 0 0 0 0 0 0 0 0 0 0 0 0 0 0 0 1 438 437 0 1 1 0 0 0 0 0 0 0 0 0 0 0 0 0 0 0 0 0 0 0 0 0 0 0 0 0 0 0 0 0 0 0 0 0 0 0 0 0 0 0 0 0 0 0 0 0 0 0 0 0 0 0 0 0 0 0 0 0 0 0 0 0 0 0 0 0 0 0 0 0 0 0 0 0 0 0 0 0 0 0 0 0 0 0 0 0 0 0 1 0 0 0 0 0 1 1 
20:/root/.minetest/worlds/world/worldmods/promise/common.lua
0 0 0 0 0 0 4 0 0 0 0 0 0 0 0 0 0 0 0 4 
38:/root/.minetest/worlds/world/worldmods/promise/configure.lua
0 0 0 0 0 0 0 0 0 0 0 0 0 0 0 0 2 0 4 0 0 0 0 0 0 0 0 0 0 0 0 0 0 0 0 0 0 4 
69:/root/.minetest/worlds/world/worldmods/promise/configure_tool.lua
2 0 0 2 0 0 2 0 4 0 0 0 0 0 0 0 0 0 0 0 0 0 0 0 0 0 0 0 0 0 0 0 2 0 0 0 2 0 0 0 0 0 0 2 0 0 0 2 0 0 4 0 0 0 0 0 0 0 0 0 0 0 0 0 0 0 0 0 4 
19:/root/.minetest/worlds/world/worldmods/promise/create_tool.lua
4 0 0 0 0 0 0 0 0 0 0 0 0 0 0 0 0 0 4 
101:/root/.minetest/worlds/world/worldmods/promise/encode.lua
0 2 0 0 0 0 2 0 0 0 0 0 0 2 0 0 2 0 4 0 0 0 0 0 0 0 0 0 0 0 0 0 0 0 0 0 0 0 0 0 0 0 0 0 0 0 0 0 0 0 0 0 0 0 0 0 2 0 0 2 0 4 0 0 0 0 0 0 0 0 0 0 0 0 0 0 0 0 0 0 0 0 0 0 0 0 0 0 0 0 0 0 0 0 0 0 0 0 0 0 4 
33:/root/.minetest/worlds/world/worldmods/promise/entity.lua
0 0 2 0 4 2 0 0 2 0 0 2 0 2 0 0 0 0 0 2 0 0 4 0 0 0 0 0 2 0 4 0 4 
39:/root/.minetest/worlds/world/worldmods/promise/handle_node.lua
0 0 0 0 0 0 0 0 0 0 0 0 0 0 0 0 0 0 0 0 0 0 0 2 0 0 4 0 2 0 0 0 0 2 0 2 0 2 2 
26:/root/.minetest/worlds/world/worldmods/promise/init.lua
0 2 0 2 2 2 2 2 2 2 2 2 2 2 2 2 2 2 2 2 2 2 0 2 2 2 
48:/root/.minetest/worlds/world/worldmods/promise/pick_tool.lua
0 0 2 0 4 0 0 0 0 0 0 0 0 0 0 0 0 0 0 0 0 0 0 0 0 0 2 0 0 0 2 0 0 0 0 0 0 0 0 0 0 0 2 0 0 0 2 2 
67:/root/.minetest/worlds/world/worldmods/promise/place_tool.lua
2 0 0 0 0 0 0 0 0 0 0 0 0 2 0 4 0 0 0 0 2 0 2 0 0 0 0 0 0 0 0 0 0 0 0 0 0 0 0 0 0 0 2 0 0 0 0 0 0 0 0 0 0 0 0 0 0 0 0 0 0 2 0 0 0 2 2 
12:/root/.minetest/worlds/world/worldmods/promise/pointed.lua
0 0 4 0 0 0 0 0 0 0 0 4 
51:/root/.minetest/worlds/world/worldmods/promise/preview.lua
0 0 2 0 4 0 0 0 0 0 0 0 0 0 0 0 0 0 0 0 0 0 0 0 0 0 0 0 0 0 0 0 0 0 0 0 0 0 0 2 0 4 0 0 0 0 2 0 4 0 4 
31:/root/.minetest/worlds/world/worldmods/promise/remove.lua
2 0 4 0 0 0 0 0 0 0 0 0 0 0 0 0 0 0 0 0 0 0 0 0 0 0 0 0 0 0 4 
32:/root/.minetest/worlds/world/worldmods/promise/rotate.lua
0 0 4 0 0 0 0 0 0 0 0 0 0 2 0 0 4 0 0 0 0 0 0 0 0 0 0 0 0 0 0 4 
41:/root/.minetest/worlds/world/worldmods/promise/schematic_flip.lua
0 0 0 0 0 0 0 0 0 0 0 0 0 0 0 0 0 0 0 0 0 0 0 0 0 2 0 4 0 0 0 0 0 0 0 0 0 0 0 0 4 
88:/root/.minetest/worlds/world/worldmods/promise/schematic_orient.lua
0 2 2 0 2 2 2 2 0 2 2 2 2 2 2 2 0 0 0 0 0 0 0 0 0 0 0 0 0 0 0 0 0 0 0 0 0 0 0 0 0 2 0 2 0 2 0 0 0 0 0 0 4 0 0 0 0 0 0 0 0 0 0 0 0 0 0 0 0 0 0 0 0 0 0 0 0 0 0 0 0 0 0 0 0 0 0 4 
22:/root/.minetest/worlds/world/worldmods/promise/schematic_rotate.lua
0 4 0 0 0 0 0 0 0 0 0 0 0 0 0 0 0 0 0 0 0 4 
44:/root/.minetest/worlds/world/worldmods/promise/schematic_transpose.lua
0 0 0 0 0 0 0 0 0 0 0 0 0 0 0 0 0 0 0 0 0 0 0 0 0 0 0 0 2 0 4 0 0 0 0 0 0 0 0 0 0 0 0 4 
101:/root/.minetest/worlds/world/worldmods/promise/serialize.lua
2 0 4 0 0 0 0 0 0 0 0 0 0 0 0 0 0 0 0 0 0 0 0 0 0 0 0 0 0 0 0 0 0 0 0 0 0 0 0 0 0 0 0 0 0 0 0 0 0 0 0 0 2 0 0 4 0 0 0 0 0 0 0 0 0 0 0 0 0 0 0 0 0 0 0 0 0 0 0 0 0 0 0 0 0 0 0 0 0 0 0 0 0 0 0 0 0 0 0 0 4 
49:/usr/local/share/minetest/builtin/common/after.lua
0 0 0 0 0 1 0 1 0 0 0 1 0 0 0 1 1 1 1 1 0 0 0 0 0 0 0 0 0 0 12 6 6 6 6 6 6 6 0 0 6 6 0 6 0 0 0 6 6 
52:/usr/local/share/minetest/builtin/common/chatcommands.lua
0 0 0 0 0 0 0 0 0 0 0 0 0 0 0 0 0 0 0 0 0 0 0 0 0 0 0 0 0 0 0 0 0 0 0 0 0 0 0 0 0 0 0 0 0 3 3 3 3 3 3 3 
201:/usr/local/share/minetest/builtin/common/item_s.lua
0 0 0 0 0 0 0 0 0 0 0 0 0 1 1 0 1 1 1 0 0 0 0 0 0 0 0 0 0 0 0 0 0 0 0 0 0 0 0 0 0 0 0 0 0 0 0 0 0 0 0 0 0 0 0 0 0 0 0 0 0 0 0 0 0 0 0 0 0 0 0 0 0 0 0 0 0 0 0 0 0 0 0 0 0 0 0 0 0 0 0 0 0 0 0 0 0 0 0 0 0 0 0 0 0 0 0 0 0 0 0 0 0 0 0 0 0 0 0 0 0 0 0 0 0 0 0 0 0 0 0 0 0 0 0 0 0 0 0 0 0 0 0 0 0 0 0 0 0 0 0 0 0 0 0 0 0 0 0 0 0 0 0 0 0 0 0 0 0 0 0 0 0 0 0 0 0 0 0 0 0 0 0 0 0 0 0 0 0 439 0 0 0 0 0 0 0 0 0 0 878 
628:/usr/local/share/minetest/builtin/common/misc_helpers.lua
0 0 0 0 0 0 0 0 6 6 0 6 6 0 0 0 0 0 0 0 0 0 0 0 0 0 0 0 0 0 0 0 0 0 0 0 0 0 0 0 0 0 0 0 0 0 0 0 0 0 0 0 0 0 0 0 0 0 0 0 0 0 0 0 0 0 0 0 0 0 0 0 0 0 0 0 0 0 0 0 0 0 0 0 0 0 0 0 0 0 0 0 0 0 0 0 0 0 0 0 0 0 0 0 0 0 0 0 0 0 0 0 0 0 0 0 0 0 0 0 0 0 0 0 6 6 0 0 0 6 6 0 0 0 0 0 0 0 0 0 0 0 0 0 0 0 0 0 0 0 0 0 0 0 0 0 0 0 0 0 0 0 0 0 0 0 0 0 0 0 0 354 354 0 0 354 354 354 354 354 415 415 415 415 0 0 0 415 415 415 415 0 415 415 354 0 0 0 0 0 0 0 0 0 0 0 0 0 0 0 0 0 0 0 0 0 0 0 0 0 0 0 0 0 0 0 0 0 0 0 0 0 0 0 0 0 0 0 0 0 0 0 0 0 0 0 0 0 0 0 0 0 0 0 0 0 0 0 0 0 2 0 0 0 0 0 0 0 0 0 0 0 0 0 0 0 0 0 0 0 0 0 0 0 0 0 0 0 0 0 0 0 0 0 0 0 0 0 0 0 0 0 0 0 0 0 0 0 0 0 0 0 0 0 0 0 0 0 0 0 0 0 0 0 0 0 0 0 0 0 0 0 0 0 0 0 0 0 0 0 0 0 0 0 0 0 0 0 0 0 0 0 0 0 0 0 0 0 0 0 0 0 0 0 0 0 0 0 0 0 0 0 0 0 0 0 0 0 0 0 0 0 0 0 0 0 0 0 0 0 0 0 0 0 0 0 0 0 0 0 0 0 0 0 0 0 0 0 0 0 0 0 0 0 0 0 0 0 0 0 0 0 0 0 0 0 0 0 0 0 0 0 0 0 0 0 0 0 0 0 0 0 0 0 0 0 0 0 0 0 0 0 0 0 0 0 0 0 0 0 0 0 0 0 0 0 0 0 0 0 0 0 0 0 0 0 0 0 0 0 1655 1655 1655 8398 6743 7716 0 1655 0 0 0 0 0 0 0 0 0 0 0 0 0 0 0 0 0 0 0 0 0 0 0 0 0 0 0 0 0 0 0 0 0 0 0 0 0 0 0 0 0 0 0 0 0 0 0 0 0 0 0 0 0 0 0 0 0 0 0 0 0 0 0 0 0 0 0 0 0 0 0 0 0 0 0 0 0 0 0 0 0 0 0 0 0 0 0 0 0 0 0 0 0 0 0 0 0 0 0 0 0 0 0 513 513 0 0 513 0 513 513 513 1026 0 0 0 0 0 0 0 0 0 0 0 0 0 0 0 0 0 0 513 513 0 0 513 0 0 0 541 
30:/usr/local/share/minetest/builtin/common/strict.lua
0 0 0 4 0 0 4 0 0 0 0 0 0 0 0 0 28 28 0 0 28 28 28 28 0 0 0 0 28 28 
374:/usr/local/share/minetest/builtin/common/vector.lua
0 0 0 0 0 0 0 0 0 0 0 0 0 0 0 0 0 0 0 0 0 0 0 0 0 0 0 0 0 0 0 0 0 0 0 0 0 0 0 0 0 0 0 0 0 0 0 0 0 0 0 0 0 0 0 0 0 0 0 0 0 0 0 0 0 0 0 0 0 0 0 0 0 0 0 0 0 0 0 0 0 0 0 0 0 0 0 0 0 0 0 0 0 0 0 0 0 0 0 0 0 0 0 0 0 0 0 0 0 0 0 0 0 0 0 0 0 0 0 0 0 0 0 0 0 0 0 0 0 0 0 0 0 0 0 0 0 0 0 0 0 0 0 0 0 0 0 0 0 0 0 0 0 0 0 0 0 0 0 0 0 0 0 0 0 0 0 0 0 0 0 0 0 0 0 0 0 0 0 0 0 0 0 0 0 0 0 0 0 0 0 0 0 0 0 0 0 0 0 0 0 0 0 0 0 0 0 0 0 0 0 0 0 0 0 0 0 0 0 0 0 0 0 0 0 0 0 0 0 0 0 0 0 0 0 0 0 0 0 0 0 0 0 0 0 0 0 0 0 0 0 0 0 0 0 0 0 0 0 0 0 0 0 0 0 0 0 0 0 0 0 0 0 0 0 0 0 0 0 0 0 0 0 0 0 0 0 0 0 0 0 0 0 0 0 0 0 0 0 0 0 0 0 0 0 0 0 0 0 0 0 0 0 0 0 0 0 0 0 0 0 0 0 0 0 0 0 0 0 0 0 0 0 0 0 0 0 0 0 0 0 0 0 0 0 0 0 0 0 0 0 0 0 0 0 0 0 0 0 0 0 0 0 0 0 0 0 0 0 0 0 0 0 622 
18:/usr/local/share/minetest/builtin/game/detached_inventory.lua
0 0 0 0 0 1 1 1 1 1 1 1 1 1 0 1 1 1 
418:/usr/local/share/minetest/builtin/game/item.lua
0 0 0 0 0 0 0 0 0 0 0 0 0 0 0 0 0 0 0 0 0 0 0 0 0 0 0 0 0 0 0 0 0 0 0 0 0 0 0 0 0 0 0 0 0 0 0 0 0 0 0 0 0 0 0 0 0 0 0 0 0 0 0 0 0 0 0 0 0 0 0 0 0 0 0 0 0 0 0 0 0 0 0 0 0 0 0 0 0 0 0 0 0 0 0 0 0 0 0 0 0 0 0 0 0 0 0 0 0 0 0 0 0 0 0 0 0 0 0 0 0 0 0 0 0 0 0 0 0 0 0 0 0 0 0 0 0 0 0 0 0 0 0 0 0 0 0 0 0 0 0 0 0 0 0 0 0 0 0 0 0 0 0 0 0 0 0 0 0 0 0 0 0 0 0 0 0 0 0 0 0 0 0 0 0 0 0 0 0 0 0 0 0 0 0 0 0 0 0 0 0 0 0 0 0 0 0 0 0 0 0 0 0 0 0 0 0 0 0 0 0 0 0 0 0 0 0 0 0 0 0 0 0 0 0 0 0 0 0 0 0 0 0 0 0 0 0 0 0 0 0 0 0 0 0 0 0 0 0 0 0 0 0 0 0 0 0 0 0 0 0 0 0 0 0 0 0 0 0 0 0 0 0 0 0 0 0 0 0 0 0 0 0 0 0 0 0 0 0 0 0 0 0 0 0 0 0 0 0 0 0 0 0 0 0 0 0 0 0 0 0 0 0 0 0 0 0 0 0 0 0 0 0 0 0 0 0 0 0 0 0 0 0 0 0 0 0 0 0 0 0 0 0 0 0 0 0 0 0 0 0 0 0 0 0 0 0 0 0 0 0 0 0 0 0 0 0 0 0 0 0 0 0 0 0 0 0 0 0 0 0 0 0 0 0 0 0 0 0 0 0 0 0 0 0 0 0 0 0 0 0 0 0 0 0 0 0 5 
265:/usr/local/share/minetest/builtin/game/misc.lua
0 0 0 0 0 0 0 0 0 0 0 0 0 0 0 0 0 0 0 0 0 0 0 0 0 0 0 0 0 0 0 0 0 0 0 0 0 0 0 0 0 0 0 0 0 0 0 0 0 0 0 0 0 0 0 0 0 0 0 0 0 0 0 0 0 0 0 0 0 0 0 0 0 0 0 0 0 0 0 0 0 0 0 0 0 0 0 0 0 0 0 0 0 0 0 0 0 0 0 0 0 0 0 0 0 0 0 0 0 0 0 0 0 0 0 0 0 0 0 0 0 0 0 0 0 0 0 0 0 0 0 0 0 0 0 0 0 0 0 0 1 0 0 0 0 0 0 0 0 0 0 0 0 0 0 0 0 0 0 0 0 0 0 0 0 0 0 0 0 0 0 0 0 0 0 0 0 0 0 0 0 0 0 0 0 0 0 0 0 0 0 0 0 5 5 2 2 2 0 5 0 0 0 0 0 0 0 0 0 0 0 0 0 0 0 0 0 0 0 0 0 0 0 0 0 0 0 0 0 0 0 0 0 0 0 0 0 0 0 0 0 0 0 41475 600 40875 35934 0 4941 4941 4941 25819 20878 20878 20878 0 4941 0 0 0 1 2 1 0 1 
31:/usr/local/share/minetest/builtin/game/privileges.lua
0 0 0 0 0 0 0 0 0 0 0 0 2 0 0 2 1 0 2 0 0 4 2 2 2 0 0 0 2 2 2 
646:/usr/local/share/minetest/builtin/game/register.lua
0 0 0 0 0 0 0 0 0 0 0 0 0 0 0 0 0 0 0 0 0 0 0 0 0 0 0 0 0 0 0 0 0 0 459 0 0 0 0 0 0 0 0 0 0 0 0 0 0 0 0 0 0 0 0 0 0 0 1096 0 0 224 0 0 324 648 0 0 0 0 0 324 324 0 0 0 0 324 0 0 0 0 32 32 97 138 69 28 4 0 0 32 0 0 0 9 9 9 9 9 9 0 0 0 14 14 14 14 14 14 0 0 0 4 0 0 8 0 4 4 0 0 4 4 4 0 0 0 530 0 0 1060 530 0 0 530 0 0 530 0 435 174 261 0 0 0 0 0 435 0 0 0 0 435 435 95 59 59 36 36 36 0 0 0 0 0 0 0 530 3 0 0 0 530 0 0 0 0 0 0 0 530 0 0 0 0 0 0 0 0 530 0 0 530 0 0 530 530 530 530 0 0 0 0 0 0 0 0 0 0 0 0 0 0 0 0 0 0 0 0 0 0 0 435 435 435 0 0 59 0 0 59 0 0 0 0 59 59 0 0 36 36 0 0 36 0 0 36 12 12 12 12 12 12 12 12 12 12 12 0 0 0 0 0 0 0 0 0 0 0 0 0 0 0 0 0 36 36 24 24 24 24 24 0 0 0 0 36 36 0 0 167 0 0 334 0 0 0 0 167 167 0 167 0 0 0 0 0 0 0 0 0 0 0 0 0 0 0 0 0 0 0 0 0 0 0 0 0 0 0 0 0 0 0 0 0 0 0 0 0 0 0 0 0 0 0 0 0 0 0 0 0 0 0 0 0 0 0 0 0 0 0 0 0 0 0 0 0 0 0 0 0 0 0 0 0 0 0 0 0 0 0 0 0 0 0 0 0 0 0 0 0 0 0 0 0 0 0 0 0 0 0 0 0 0 0 33 0 0 33 0 0 33 33 0 0 69 36 0 33 33 0 0 0 0 0 0 0 0 0 0 0 2 2 2 0 0 0 0 0 0 2 9 8 8 8 0 7 1 6 0 6 0 0 0 6 0 0 0 0 6 0 0 0 6 0 0 0 1 0 0 0 0 0 0 0 0 0 0 0 0 0 0 0 0 0 0 0 0 0 36 36 36 36 36 0 0 36 0 0 0 0 0 0 5 5 5 5 5 0 0 5 0 0 0 0 0 0 0 0 133 133 133 97 0 36 0 0 133 0 0 0 0 3 0 0 3 0 0 0 0 0 0 0 0 0 0 0 0 0 0 0 0 0 0 0 0 0 0 0 0 0 0 0 0 0 0 0 0 0 0 0 0 0 0 0 0 0 0 0 0 0 0 0 0 0 0 0 0 0 0 0 0 0 0 0 0 0 0 0 0 0 0 0 0 0 0 0 0 0 0 0 0 0 0 0 0 0 0 0 0 0 0 0 0 0 0 0 0 0 0 0 0 0 0 0 0 0 2 0 0 0 0 0 1 1 
185:/usr/local/share/minetest/builtin/game/statbars.lua
0 0 0 0 0 0 0 0 0 0 0 0 0 0 0 0 0 0 0 0 0 0 0 0 0 0 0 0 0 0 0 0 0 0 0 0 0 0 0 0 0 0 0 0 0 0 0 0 0 0 0 0 0 0 0 0 0 0 0 0 0 0 0 0 0 0 0 0 0 0 0 0 0 0 0 0 0 0 0 0 0 0 0 0 0 0 0 0 0 0 0 0 0 0 0 0 0 0 0 0 0 0 0 0 0 0 0 0 0 0 0 0 0 0 0 0 0 0 0 0 0 0 0 0 0 0 0 0 0 0 0 0 0 0 0 0 0 0 0 0 0 0 0 0 0 0 0 0 0 0 0 0 0 0 0 0 0 0 0 0 0 0 0 0 0 0 0 0 0 0 0 0 0 0 0 0 0 0 0 0 0 0 0 1 1 
25:/usr/local/share/minetest/builtin/init.lua
0 0 0 0 0 0 0 0 0 0 0 0 0 1 2 1 0 1 0 0 0 0 0 0 2 
184:/usr/local/share/minetest/games/minetest_game/mods/beds/api.lua
0 1 0 0 0 0 0 0 0 0 0 0 0 0 0 0 0 0 0 0 0 0 0 0 1 0 2 4 2 2 2 0 2 0 0 0 0 0 2 4 2 0 2 2 2 0 2 2 0 0 0 0 0 0 0 0 0 0 0 0 0 0 0 0 0 0 0 0 0 0 0 0 0 0 0 0 0 0 0 0 0 0 0 0 0 0 0 0 0 0 0 0 0 0 0 0 0 0 0 0 0 0 2 0 0 0 2 0 0 0 0 2 0 0 0 0 0 0 0 0 0 0 0 0 0 0 0 0 0 0 0 0 0 0 0 0 0 0 0 0 0 0 0 0 2 0 0 2 0 0 4 0 2 0 0 0 0 0 2 2 4 2 2 0 2 2 0 0 2 0 0 0 0 0 2 0 0 2 0 4 2 2 0 4 
109:/usr/local/share/minetest/games/minetest_game/mods/beds/beds.lua
0 0 0 1 0 0 0 2 2 0 0 1 1 0 0 0 0 0 0 1 1 0 0 0 0 0 0 1 1 1 1 1 1 1 1 1 1 1 1 1 1 1 1 1 1 1 1 1 1 1 1 1 1 1 0 0 0 0 2 2 0 0 1 1 0 0 0 0 0 0 1 1 0 0 0 0 0 0 1 1 1 1 1 1 1 1 1 1 1 0 0 0 0 1 1 0 0 0 1 0 0 0 0 0 1 0 0 0 1 
300:/usr/local/share/minetest/games/minetest_game/mods/beds/functions.lua
1 1 1 1 1 0 0 0 1 0 0 0 0 0 0 0 0 0 0 0 0 0 0 0 0 0 1 0 0 0 0 0 0 0 1 0 0 0 0 0 0 0 0 0 0 0 0 0 0 0 1 0 0 0 0 0 0 0 0 0 0 0 0 0 0 0 0 0 0 0 0 0 0 0 0 0 0 0 0 0 0 0 0 0 0 0 0 0 0 0 0 0 0 0 0 0 0 0 0 0 0 0 0 0 0 0 0 0 0 0 0 0 0 0 0 0 0 0 0 0 0 0 0 0 0 0 0 0 0 0 0 0 0 0 0 0 1 0 0 0 0 0 0 0 1 0 0 0 0 0 0 0 0 0 0 0 0 0 0 0 0 0 0 0 0 0 0 1 0 0 0 0 2 0 0 0 0 1 0 2 0 1 0 2 0 0 0 0 0 0 0 0 0 0 0 0 0 0 0 0 0 0 0 0 0 0 0 0 0 0 0 0 0 0 0 0 0 0 0 0 1 0 2 0 0 0 0 0 0 0 1 0 0 0 1 0 2 0 0 0 0 0 0 1 0 0 2 0 0 0 0 0 0 0 0 0 0 0 0 1 0 2 0 0 0 0 0 0 0 0 0 0 1 0 2 0 0 0 0 0 0 0 0 0 0 0 0 0 0 0 0 0 0 0 0 0 0 0 0 2 
31:/usr/local/share/minetest/games/minetest_game/mods/beds/init.lua
0 0 0 1 1 0 1 1 1 1 1 1 0 1 1 1 3 0 1 0 0 1 0 1 0 0 0 1 1 1 1 
72:/usr/local/share/minetest/games/minetest_game/mods/beds/spawns.lua
1 1 1 1 0 0 1 1 0 0 0 0 0 2 1 1 1 0 0 0 0 0 0 0 0 0 0 0 1 0 0 0 0 0 0 2 0 1 0 2 0 0 0 0 0 0 0 0 0 0 1 0 2 0 0 0 0 0 0 0 0 0 1 0 2 0 0 0 0 0 0 2 
73:/usr/local/share/minetest/games/minetest_game/mods/binoculars/init.lua
0 0 0 0 1 0 0 1 0 0 0 0 0 2 0 0 0 0 0 0 0 0 0 0 0 0 0 1 0 0 0 0 2 0 1 0 0 0 0 0 0 0 0 0 1 0 1 0 0 0 0 2 3 0 0 1 0 0 0 1 0 0 0 0 0 2 0 1 1 1 1 1 1 
290:/usr/local/share/minetest/games/minetest_game/mods/boats/init.lua
0 0 0 1 0 0 0 0 0 0 0 0 1 0 0 0 0 0 0 1 0 0 0 0 1 0 0 0 0 0 1 1 0 0 0 1 0 0 1 1 0 0 0 0 0 0 0 0 0 1 0 0 0 0 0 0 0 0 0 0 0 0 0 0 0 0 0 0 0 0 0 0 0 0 0 0 1 0 0 0 1 0 0 0 0 0 0 1 0 0 1 0 0 0 0 0 1 0 0 1 0 1 0 0 1 0 0 0 0 0 0 0 0 0 0 0 0 0 0 0 0 0 0 0 0 0 0 0 0 0 0 1 0 0 1 0 0 0 0 0 0 0 0 0 0 0 0 0 0 0 0 0 0 0 0 0 0 0 0 0 0 0 0 0 0 0 0 0 0 0 0 0 0 0 0 0 0 0 0 0 0 0 0 0 0 0 0 0 0 0 0 0 0 0 0 0 0 0 0 0 0 0 0 0 0 0 0 0 0 0 0 0 0 0 0 0 0 0 0 0 0 0 0 0 0 0 0 0 0 1 0 0 1 0 0 2 2 0 0 1 0 1 0 0 0 0 0 0 0 0 0 0 0 0 0 0 0 0 0 0 0 0 0 0 0 0 0 0 0 0 0 0 1 0 0 0 2 0 1 1 1 1 1 0 0 1 0 0 0 1 
291:/usr/local/share/minetest/games/minetest_game/mods/bones/init.lua
0 0 0 0 0 0 1 0 1 0 0 0 0 0 0 0 1 0 0 1 1 1 1 1 1 2 0 1 1 0 2 2 1 0 0 0 0 0 0 1 0 1 2 0 0 0 0 0 0 0 0 1 0 0 0 0 0 0 1 0 0 0 1 0 0 0 0 0 0 1 0 0 0 0 0 0 0 0 0 0 0 0 1 0 0 0 0 0 0 0 0 0 0 0 0 0 0 0 0 0 0 0 0 0 0 0 0 0 0 0 0 0 0 0 0 0 0 1 0 0 0 0 0 0 0 0 0 0 0 1 0 1 0 0 0 0 0 0 0 0 0 0 0 0 0 0 0 0 0 0 0 0 0 0 0 0 0 0 0 0 0 0 0 0 0 0 0 1 0 0 0 0 0 0 0 0 0 0 1 0 1 1 0 0 0 0 0 0 0 0 1 0 2 0 0 0 0 0 0 0 0 0 0 0 0 0 0 0 0 0 0 0 0 0 0 0 0 0 0 0 0 0 0 0 0 0 0 0 0 0 0 0 0 0 0 0 0 0 0 0 0 0 0 0 0 0 0 0 0 0 0 0 0 0 0 0 0 0 0 0 0 0 0 0 0 0 0 0 0 0 0 0 0 0 0 0 0 0 0 0 0 0 0 0 0 0 0 0 0 0 2 
240:/usr/local/share/minetest/games/minetest_game/mods/bucket/init.lua
0 0 0 0 1 0 0 1 1 1 0 2 0 1 1 1 1 0 0 1 1 0 0 0 0 0 0 0 0 0 0 0 0 1 0 0 0 0 0 0 0 0 0 0 0 0 2 0 3 3 3 3 3 3 3 0 3 6 3 3 0 0 3 0 0 0 0 0 0 0 0 0 0 0 0 0 0 0 0 0 0 0 0 0 0 0 0 0 0 0 0 0 0 0 0 0 0 0 0 0 0 0 0 0 0 0 0 0 0 0 0 3 0 0 4 0 2 2 0 1 0 0 0 0 0 0 0 0 0 0 0 0 0 0 0 0 0 0 0 0 0 0 0 0 0 0 0 0 0 0 0 0 0 0 0 0 0 0 0 0 0 0 0 0 0 0 0 0 0 0 0 0 0 0 0 0 0 0 0 0 0 0 0 1 0 0 2 1 1 1 1 2 0 0 0 0 0 0 0 0 0 2 1 1 1 1 2 0 0 1 0 2 1 1 1 1 2 0 0 0 2 0 0 0 1 0 0 0 2 2 1 0 0 1 1 1 1 1 0 1 
137:/usr/local/share/minetest/games/minetest_game/mods/butterflies/init.lua
0 0 0 1 0 0 1 2 2 2 0 0 4 3 3 0 6 3 0 3 3 3 0 0 0 0 3 3 3 3 0 0 0 0 0 3 3 0 3 3 0 0 0 0 0 0 0 0 0 0 0 0 0 3 0 0 0 0 0 3 0 0 6 0 3 3 0 0 0 0 0 0 3 0 0 0 0 0 0 0 0 0 0 0 0 0 3 0 0 0 0 0 3 3 0 0 0 2 0 0 1 0 0 0 1 0 0 1 0 0 0 1 0 0 0 0 0 1 1 0 0 2 0 0 0 0 0 0 0 0 0 0 0 0 0 0 2 
429:/usr/local/share/minetest/games/minetest_game/mods/carts/cart_entity.lua
0 0 0 1 0 1 1 0 1 0 0 1 1 1 0 0 0 1 1 0 0 0 1 0 0 1 0 0 0 0 0 0 0 0 0 0 1 0 1 0 0 0 0 0 0 0 0 0 0 1 0 1 0 0 0 0 1 0 0 1 0 0 0 0 0 1 0 1 0 0 0 0 0 0 0 0 0 0 0 0 0 0 0 0 0 0 0 0 0 0 0 0 0 0 0 0 0 0 0 0 0 0 0 0 0 0 0 0 0 0 0 0 0 0 0 0 0 0 0 0 0 0 0 0 0 0 0 0 0 0 0 0 0 0 0 0 0 0 0 0 1 0 0 0 0 0 1 0 0 0 0 0 0 0 0 0 0 0 0 0 0 0 0 0 0 0 0 0 0 0 0 0 0 1 0 0 0 0 1 0 1 0 0 0 0 0 0 0 0 0 0 0 0 0 0 0 0 0 0 0 0 0 0 0 0 0 0 0 0 0 0 0 0 0 0 0 0 0 0 0 0 0 0 0 0 0 0 0 0 0 0 0 0 0 0 0 0 0 0 0 0 0 0 0 0 0 0 0 0 0 0 0 0 0 0 0 0 0 0 0 0 0 0 0 0 0 0 0 0 0 0 0 0 0 0 0 0 0 0 0 0 0 0 0 0 0 0 0 0 0 0 0 0 0 0 0 0 0 0 0 0 0 0 0 0 0 0 0 0 0 0 0 0 0 0 0 0 0 0 0 0 0 0 0 0 0 0 0 0 0 0 0 0 0 0 0 0 0 0 0 0 0 0 0 0 0 0 0 0 0 0 0 0 0 0 0 0 0 0 0 0 0 0 0 0 0 0 0 0 0 0 0 0 0 0 0 0 1 0 1 0 0 1 0 1 0 2 3 2 0 0 0 0 0 0 0 0 0 0 0 0 0 0 0 0 0 0 0 0 0 0 0 0 0 0 0 0 0 0 1 0 0 2 0 1 1 1 1 1 
252:/usr/local/share/minetest/games/minetest_game/mods/carts/functions.lua
2 0 0 0 0 0 1 0 2 0 0 0 0 0 0 0 0 0 0 0 0 0 0 0 0 0 0 0 0 0 1 0 2 0 0 0 0 0 1 0 2 0 0 0 0 0 0 0 0 0 0 0 0 0 0 0 0 0 0 0 1 0 2 0 0 0 0 0 0 0 0 0 0 0 0 0 0 0 0 0 0 0 0 0 0 0 0 1 0 2 0 0 0 0 0 0 0 0 0 0 0 0 0 0 0 0 0 0 0 0 0 0 0 0 0 0 0 0 0 0 0 0 0 0 0 0 0 0 0 0 0 0 0 0 0 0 0 0 0 0 0 0 0 0 0 0 0 0 0 0 0 0 0 0 0 0 0 0 0 0 0 0 0 0 0 0 0 0 0 0 0 0 0 0 1 0 2 0 0 0 0 0 0 0 0 0 0 0 0 0 0 0 0 0 0 0 0 0 0 0 0 0 0 0 0 0 0 1 0 2 3 0 0 0 0 0 3 0 3 3 6 0 14 11 0 3 2 2 0 0 3 6 0 0 3 4 0 2 0 3 0 0 0 6 0 3 0 0 0 0 3 2 
28:/usr/local/share/minetest/games/minetest_game/mods/carts/init.lua
0 0 0 1 0 1 1 1 1 0 0 1 0 1 0 1 0 0 1 1 1 0 0 2 2 1 0 1 
64:/usr/local/share/minetest/games/minetest_game/mods/carts/rails.lua
0 0 0 1 0 2 2 1 0 0 1 0 0 2 1 0 2 0 1 1 1 1 1 0 0 1 0 0 2 2 1 0 0 1 2 1 0 2 0 1 1 1 1 1 0 0 0 2 2 1 0 0 1 2 1 0 2 0 1 1 1 1 1 1 
103:/usr/local/share/minetest/games/minetest_game/mods/creative/init.lua
0 0 0 1 0 1 1 0 0 0 0 0 0 0 0 0 0 0 0 1 0 2 2 0 0 1 1 0 0 0 1 0 2 1 1 0 0 0 1 0 0 2 0 1 0 1 0 2 0 0 0 0 0 0 0 0 0 0 0 0 0 0 0 0 0 0 0 0 0 0 0 0 0 0 0 0 0 0 0 0 0 2 0 0 0 1 0 0 1 2 0 0 0 0 0 0 0 0 0 0 0 0 2 
260:/usr/local/share/minetest/games/minetest_game/mods/creative/inventory.lua
0 0 0 1 0 1 1 0 0 0 0 0 0 0 0 0 0 0 0 0 1 0 2 0 0 0 0 0 0 0 0 0 0 0 0 0 0 0 0 0 0 0 0 0 0 0 0 0 0 0 0 0 0 0 0 0 0 0 0 0 0 1 0 1 0 0 0 0 0 0 0 0 1 0 0 0 0 0 0 0 1 0 2 0 0 0 0 0 0 0 0 0 0 0 0 0 0 0 0 0 0 0 0 0 0 0 0 0 0 0 0 0 0 0 0 0 0 0 0 0 0 0 0 0 1 0 0 2 0 0 0 0 1 0 0 1 0 1 0 1 0 2 8 4 0 0 4 0 0 0 0 0 0 0 0 0 0 0 0 0 0 0 0 0 0 0 0 0 0 0 0 0 0 0 0 0 0 4 0 0 0 0 0 0 4 0 0 0 0 0 0 0 0 0 0 0 0 0 0 0 0 0 0 0 0 0 0 0 0 0 0 0 0 0 0 0 0 0 0 0 0 0 0 4 0 5 0 0 1 1 1 0 2 535 534 0 534 619 442 142 42 52 48 0 0 2 0 2 2 2 2 0 1 2 0 0 0 0 0 2 
77:/usr/local/share/minetest/games/minetest_game/mods/default/aliases.lua
0 0 0 0 1 1 1 1 1 1 1 1 1 1 1 1 1 1 1 1 1 1 1 1 1 1 1 1 1 1 1 1 1 1 1 1 1 1 1 1 1 1 1 0 1 1 1 1 1 1 1 1 1 1 1 1 1 0 1 1 1 1 1 1 1 1 1 0 0 1 0 0 1 1 0 1 2 
372:/usr/local/share/minetest/games/minetest_game/mods/default/chests.lua
1 0 0 1 0 2 0 0 0 0 0 0 0 0 0 0 1 0 2 0 0 0 0 0 0 0 0 0 0 0 1 0 2 0 0 0 0 0 0 0 0 0 0 0 0 0 0 0 0 0 1 0 1 0 2 0 0 0 0 0 0 0 0 0 0 0 0 0 0 0 0 0 1 0 2 0 0 0 0 1 0 2 4 2 2 2 2 2 2 2 0 2 0 0 0 0 0 0 1 0 0 0 0 1 0 0 0 0 0 1 0 0 0 0 0 0 1 0 0 0 0 0 1 0 0 0 0 0 1 0 0 0 0 0 0 0 0 0 0 0 0 0 0 0 0 0 0 0 0 0 0 1 1 0 0 0 0 0 0 0 0 0 0 0 0 0 0 0 0 0 0 0 0 0 0 0 1 0 0 0 0 0 0 0 0 0 0 0 0 0 0 0 0 0 0 0 1 0 0 0 0 0 0 1 0 0 0 0 1 0 0 0 0 0 0 0 0 0 0 0 0 0 0 0 0 0 0 0 1 0 0 0 0 0 0 1 0 0 2 0 2 2 0 2 14 12 12 0 0 0 0 2 2 2 0 2 2 0 0 2 2 0 2 2 2 2 2 0 2 2 0 0 2 4 0 4 2 0 0 0 0 0 0 0 0 0 0 2 0 0 0 0 4 0 2 2 0 0 0 0 2 0 3 0 2 2 1 0 0 0 0 0 0 1 2 0 0 1 0 0 2 2 1 0 0 0 0 0 0 1 2 0 0 1 0 0 0 2 0 1 1 1 1 1 0 0 2 0 1 1 1 1 1 0 0 2 0 0 1 0 0 1 0 0 0 0 0 1 0 0 0 1 
737:/usr/local/share/minetest/games/minetest_game/mods/default/crafting.lua
0 0 2 0 1 1 1 0 0 2 0 1 1 1 0 0 2 0 1 1 1 0 0 2 0 1 1 1 0 0 2 0 1 1 1 0 0 2 0 1 1 1 0 0 2 0 1 1 1 0 0 2 0 1 1 1 0 0 2 0 1 1 1 1 1 0 0 2 0 1 1 1 1 1 0 0 2 0 1 1 1 1 1 0 0 2 0 1 1 1 1 1 0 0 2 0 1 1 1 1 1 0 0 2 0 1 1 1 1 1 0 0 2 0 1 1 1 1 1 0 0 2 0 1 1 1 0 0 2 0 1 1 1 1 1 0 0 2 0 1 1 1 1 1 0 0 2 0 1 1 1 1 0 0 2 0 1 1 1 0 0 2 0 1 1 1 1 0 0 2 0 1 1 1 1 1 0 0 2 0 1 1 1 1 0 0 2 0 1 1 1 0 0 2 0 1 1 1 1 0 0 2 0 1 1 1 1 1 0 0 2 0 1 1 1 1 0 0 2 0 1 1 1 0 0 2 0 1 1 1 1 0 0 2 0 1 1 1 1 1 0 0 2 0 1 1 1 1 0 0 2 0 1 1 1 1 0 0 2 0 1 1 1 1 1 0 0 2 0 1 1 1 1 1 0 0 2 0 1 1 1 1 1 0 0 2 0 1 1 1 1 1 0 0 2 0 1 1 1 1 0 0 2 0 1 1 1 1 1 0 0 2 0 1 1 1 1 0 0 2 0 1 1 1 1 1 0 0 2 0 1 1 1 1 0 0 2 0 1 1 1 1 1 0 0 2 0 1 1 1 1 0 0 2 0 1 1 1 1 1 0 0 2 0 1 1 1 1 1 0 0 2 0 1 1 1 0 0 2 0 1 1 1 1 1 0 0 2 0 1 1 1 1 1 0 0 0 0 0 0 0 1 0 0 0 0 0 0 0 0 0 1 0 0 0 0 0 1 0 0 0 0 0 1 0 0 0 0 0 1 0 0 0 0 0 1 0 0 0 0 0 0 0 0 0 0 0 1 0 0 0 0 0 0 0 0 0 1 0 0 0 0 0 1 0 0 0 0 0 1 0 0 0 0 0 1 0 0 0 0 0 0 0 1 0 0 0 0 0 1 0 0 0 0 0 1 0 0 0 0 0 1 0 0 0 0 0 1 0 0 0 0 0 0 0 1 0 0 0 0 0 1 0 0 0 0 0 1 0 0 0 0 0 1 0 0 0 0 0 1 0 0 0 0 0 1 0 0 0 0 0 1 0 0 0 0 0 1 0 0 0 0 0 1 0 0 0 0 0 1 0 0 0 0 0 1 0 0 0 0 0 1 0 0 0 0 0 1 0 0 0 0 0 1 0 0 0 0 0 0 1 0 0 0 0 0 1 0 0 0 0 0 1 0 0 0 0 0 1 0 0 0 0 0 1 0 0 0 0 0 1 0 0 0 0 0 1 0 0 0 0 0 1 0 0 0 0 0 1 0 0 0 0 0 1 0 0 0 0 0 1 0 0 0 0 0 1 0 0 0 0 0 1 0 0 0 0 0 1 0 0 0 0 0 1 0 0 0 0 0 1 0 0 0 0 0 1 0 0 0 0 0 1 0 0 0 0 0 1 0 0 0 0 0 1 0 0 0 0 0 1 0 0 0 0 0 1 0 0 0 0 0 1 0 0 0 1 
541:/usr/local/share/minetest/games/minetest_game/mods/default/craftitems.lua
0 0 0 1 0 1 1 0 0 0 0 0 0 0 1 0 0 0 0 0 0 0 1 0 0 0 0 0 0 0 0 0 0 0 1 0 0 0 0 0 0 0 1 0 1 0 2 0 1 0 1 1 0 0 0 0 0 0 0 0 0 0 0 0 0 0 0 0 0 0 0 0 0 0 0 0 0 0 0 0 0 0 0 0 0 0 0 0 0 0 0 0 0 0 0 0 0 0 0 0 0 1 0 1 1 1 2 0 0 0 0 0 0 0 0 0 0 0 0 0 0 0 0 0 0 0 0 0 0 0 0 0 0 0 0 0 0 0 0 0 0 0 0 0 0 0 0 0 0 0 0 0 0 0 0 0 0 0 0 0 0 0 0 0 0 0 0 0 0 0 0 0 0 0 0 0 0 0 0 0 0 0 0 0 0 0 0 0 0 0 0 0 0 0 0 0 0 0 0 0 0 0 0 0 0 0 0 0 0 0 0 0 0 0 0 0 0 0 0 0 0 0 1 0 0 0 0 0 0 2 2 0 1 2 0 0 2 2 0 1 1 0 0 2 2 0 1 0 1 0 0 2 2 0 0 0 2 2 0 0 0 2 2 0 0 0 2 2 0 1 0 0 2 2 0 0 0 2 2 0 0 0 2 2 0 0 0 2 2 0 0 0 2 2 0 0 0 2 2 0 0 0 2 2 0 0 0 2 2 0 0 0 2 2 0 0 0 2 2 0 0 0 2 2 0 1 0 0 2 2 0 0 0 2 2 0 1 0 0 2 2 0 0 0 2 2 0 0 0 0 0 0 0 2 0 1 1 1 1 1 0 0 1 0 2 0 1 1 1 1 1 0 0 2 0 1 1 1 0 0 2 0 1 1 1 0 0 2 0 1 1 1 0 0 2 0 1 1 1 0 0 2 0 1 1 1 0 0 2 0 1 1 1 0 0 2 0 1 1 1 1 1 0 0 2 0 1 1 1 0 0 2 0 1 1 1 0 0 2 0 1 1 1 0 0 2 0 1 1 1 0 0 2 0 1 1 1 0 0 2 0 1 1 1 0 0 2 0 1 1 1 0 0 0 0 0 0 1 0 0 0 0 0 1 0 0 0 0 0 1 0 0 0 0 0 0 1 0 0 0 0 0 1 0 0 0 0 0 0 0 0 0 1 0 0 0 0 0 1 0 0 0 0 0 1 0 0 0 0 0 1 0 0 0 0 0 1 0 0 0 1 
800:/usr/local/share/minetest/games/minetest_game/mods/default/functions.lua
0 0 0 0 2 285 285 285 285 285 285 285 285 1 0 2 65 65 65 65 65 65 65 1 0 2 18 18 18 18 18 18 18 18 18 18 18 1 0 2 6 6 6 6 6 6 6 6 6 1 0 2 3 3 3 3 3 3 3 3 3 3 3 1 0 2 56 56 56 56 56 56 56 56 56 1 0 2 72 72 72 72 72 72 72 72 72 1 0 2 18 18 18 18 18 18 18 18 18 1 0 2 3 3 3 3 3 3 3 3 3 1 0 2 20 20 20 20 20 20 20 20 20 20 20 1 0 2 4 4 4 4 4 1 0 2 3 3 3 3 3 3 3 3 3 3 3 1 0 0 0 0 0 0 1 0 0 0 0 0 0 0 1 0 1 2 0 1 1 0 0 0 0 0 1 0 0 0 0 0 0 0 0 2 0 0 0 0 0 0 0 0 0 1 0 0 0 0 0 0 0 0 2 0 0 0 0 0 0 0 0 0 0 0 0 0 0 0 0 0 0 0 0 0 0 1 0 2 0 0 0 0 0 0 0 0 0 0 0 0 0 0 0 0 0 0 0 0 0 0 0 0 0 0 0 0 1 0 2 0 1 1 0 0 0 0 1 0 0 2 0 1 0 0 0 1 0 0 0 0 0 0 1 0 0 0 0 1 0 0 0 0 0 0 0 2 0 0 0 0 0 0 1 0 0 0 0 0 1 0 2 10 5 5 5 5 5 0 0 5 5 0 5 0 0 5 0 5 0 0 5 5 5 5 5 5 5 5 5 5 0 5 0 0 5 5 5 5 5 5 5 5 5 0 0 5 0 60 55 40 0 0 0 0 5 0 5 5 0 5 6 0 0 0 0 0 0 2 10 5 5 5 5 5 5 0 0 5 5 0 5 0 0 5 0 5 5 0 0 5 5 5 5 5 5 5 5 5 5 0 5 0 0 5 5 5 5 5 5 5 5 5 0 0 5 0 60 55 40 0 0 0 0 5 0 5 5 0 5 6 0 0 0 0 0 2 10 5 5 5 5 5 5 0 0 5 5 0 5 5 0 5 0 5 5 5 5 0 5 0 5 0 0 5 10 0 60 55 55 0 0 0 5 5 0 5 6 0 0 0 0 0 0 0 1 0 0 0 0 0 1 0 0 0 0 0 0 0 0 0 0 0 1 0 2 2 0 0 0 0 0 0 0 0 0 0 0 0 0 0 0 0 0 0 0 0 0 0 0 0 0 0 0 0 0 0 0 0 0 0 0 0 0 0 0 0 0 0 1 0 2 8 8 8 16 16 0 0 8 0 0 17 18 0 0 9 0 0 9 0 0 0 0 0 0 2 0 1 1 0 0 0 0 1 0 0 0 0 0 0 0 0 0 0 0 0 0 0 0 0 0 0 0 0 0 0 0 0 0 0 0 0 0 1 0 0 0 0 0 0 0 2 0 1 0 0 0 0 0 0 0 0 0 0 0 0 0 0 0 0 1 0 0 0 0 0 0 0 1 0 0 0 0 0 0 0 2 0 1 0 1 1 0 0 0 0 0 0 0 0 1 0 0 0 0 0 0 2 2 0 1 1 0 0 2 0 0 0 0 0 0 0 0 0 0 0 0 0 0 0 0 0 0 0 1 2 0 0 0 0 0 1 0 0 0 0 1 0 2 0 0 0 0 0 0 0 0 0 0 0 0 0 0 0 1 0 2 0 0 0 4 0 0 4 0 0 4 5 0 0 0 0 0 0 2 0 0 0 0 0 0 0 0 0 0 0 0 0 0 0 0 0 0 0 0 0 0 0 0 0 0 0 0 0 0 0 0 0 0 2 
427:/usr/local/share/minetest/games/minetest_game/mods/default/furnace.lua
0 0 0 1 0 0 1 0 0 0 0 0 2 0 0 0 0 0 0 0 0 0 0 0 0 0 0 0 0 0 1 0 2 0 0 0 0 0 0 0 0 0 0 0 0 0 0 0 1 0 0 0 0 0 0 0 0 0 1 0 0 0 0 0 0 0 0 0 0 0 0 0 0 0 0 0 0 0 0 0 1 0 0 0 0 0 0 1 0 0 0 0 0 0 1 0 0 0 0 0 0 0 0 0 0 1 0 0 0 0 0 0 0 0 1 0 0 0 0 0 0 0 0 0 0 0 0 0 0 0 0 0 0 0 0 0 0 0 0 0 0 0 0 0 0 0 0 0 0 0 0 0 0 0 0 0 0 0 0 0 0 0 0 0 0 0 0 0 0 0 0 0 0 0 0 0 0 0 0 0 0 0 0 0 0 0 0 0 0 0 0 0 0 0 0 0 0 0 0 0 0 0 0 0 0 0 0 0 0 0 0 0 0 0 0 0 0 0 0 0 0 0 0 0 0 0 0 0 0 0 0 0 0 0 0 0 0 0 0 0 0 0 0 0 0 0 0 0 0 0 0 0 0 0 0 0 0 0 0 0 0 0 0 0 0 0 0 0 0 0 0 0 0 0 0 0 0 0 0 0 0 0 0 0 0 0 0 0 0 0 0 0 0 0 0 0 0 0 0 0 0 0 0 0 0 0 0 0 0 0 0 0 0 0 0 0 0 0 0 0 0 0 0 0 0 1 0 0 0 0 0 2 2 1 0 0 0 1 0 1 0 0 2 0 1 0 1 0 0 0 0 0 0 0 0 1 0 0 0 1 0 0 0 1 0 0 0 1 0 0 0 0 0 0 0 0 1 0 1 1 1 0 0 2 2 1 0 0 1 0 0 0 1 0 0 0 0 1 1 1 0 0 0 1 0 0 2 1 0 0 1 0 1 0 1 1 1 0 0 2 0 1 1 1 1 1 1 
79:/usr/local/share/minetest/games/minetest_game/mods/default/init.lua
0 0 0 0 0 0 1 0 0 1 0 1 1 0 0 0 0 0 0 1 0 0 0 0 0 0 2 0 0 0 0 0 0 0 0 0 0 0 0 0 0 0 0 1 0 2 4 36 32 0 4 1 0 1 1 1 1 1 1 1 1 2 0 0 1 0 1 1 1 1 1 1 1 1 1 1 1 1 1 
79:/usr/local/share/minetest/games/minetest_game/mods/default/item_entity.lua
0 0 1 0 1 0 0 0 0 0 0 0 0 1 0 0 0 0 0 0 0 0 0 0 0 0 0 0 0 0 0 0 0 0 0 0 0 0 0 0 1 0 0 0 0 0 0 0 0 0 0 0 0 0 0 0 0 0 0 0 0 0 0 0 0 0 0 0 0 0 0 0 0 1 0 0 0 1 2 
49:/usr/local/share/minetest/games/minetest_game/mods/default/legacy.lua
0 0 0 0 0 2 0 0 0 0 0 1 0 2 0 1 0 0 1 1 1 1 0 0 1 1 1 1 0 0 1 1 1 1 1 1 1 1 0 0 0 1 0 0 2 0 0 0 2 
2492:/usr/local/share/minetest/games/minetest_game/mods/default/mapgen.lua
0 0 0 0 0 0 1 1 1 0 0 0 1 1 1 1 1 1 1 1 1 1 1 0 1 1 1 1 1 1 1 1 0 1 1 1 1 0 0 0 0 0 0 0 0 2 0 0 0 0 0 0 0 0 0 0 0 0 0 0 0 0 0 0 0 0 0 0 0 0 0 0 0 0 0 0 0 0 0 0 0 0 0 0 0 0 0 0 0 0 0 0 0 0 0 0 0 0 0 0 0 0 0 0 0 0 0 0 0 0 0 0 0 0 0 0 0 0 0 0 0 0 0 0 0 0 0 0 0 0 0 0 0 0 0 0 0 0 0 0 0 0 0 0 0 0 0 0 0 0 0 0 0 0 0 0 0 0 0 0 0 0 0 0 0 0 0 0 0 0 0 0 0 0 0 0 0 0 0 0 0 0 0 0 0 0 0 0 0 0 0 0 0 0 0 0 0 0 0 0 0 0 0 0 0 0 0 0 0 0 0 0 0 0 0 0 0 0 0 0 0 0 0 0 0 0 0 0 0 0 0 0 0 0 0 0 0 0 0 0 0 0 0 0 0 0 0 0 0 0 0 0 0 0 0 0 0 0 0 0 0 0 0 0 0 0 0 0 0 0 0 0 0 0 0 0 0 0 0 0 0 0 0 0 0 0 0 0 0 0 0 0 0 0 0 0 0 0 0 0 0 0 0 0 0 0 0 0 0 0 0 0 0 0 0 0 0 0 0 0 0 0 0 0 0 0 0 0 0 0 0 0 0 0 0 0 0 0 0 0 0 0 0 0 0 0 0 0 0 0 0 0 0 0 0 0 0 0 0 0 0 0 0 0 0 0 0 0 0 0 0 0 0 0 0 0 0 0 0 0 0 0 0 0 0 0 0 0 0 0 0 0 0 0 0 0 0 0 0 0 0 0 0 0 0 1 0 0 0 0 2 0 0 0 0 0 0 2 0 0 1 0 0 0 1 0 0 1 0 0 1 0 1 0 0 2 0 0 1 0 0 0 1 0 0 1 0 0 1 0 1 0 0 0 0 2 0 0 1 0 0 0 1 0 0 1 0 0 1 0 1 0 0 2 0 0 1 0 0 0 1 0 0 1 0 0 1 0 1 0 0 0 0 2 0 0 1 0 0 0 1 0 0 1 0 0 1 0 1 0 0 0 0 0 0 0 2 0 0 1 0 0 0 0 0 1 0 0 1 0 0 0 1 0 0 0 0 2 0 0 1 0 0 0 0 0 1 0 0 1 0 0 0 1 0 0 0 0 2 0 0 1 0 0 0 0 0 1 0 0 1 0 0 0 1 0 1 0 1 0 0 0 0 2 0 0 1 0 0 0 0 0 1 0 0 1 0 0 0 1 0 0 0 0 0 0 1 0 0 0 0 0 0 0 0 0 0 1 0 0 0 0 0 0 0 0 0 0 1 0 0 0 0 0 0 0 0 0 0 0 0 1 0 0 0 0 0 0 0 0 0 0 1 0 0 0 0 0 0 0 0 0 0 1 0 0 0 0 0 0 0 0 0 0 0 0 1 0 0 0 0 0 0 0 0 0 0 1 0 0 0 0 0 0 0 0 0 0 1 0 0 0 0 0 0 0 0 0 0 0 0 1 0 0 0 0 0 0 0 0 0 0 1 0 0 0 0 0 0 0 0 0 0 1 0 0 0 0 0 0 0 0 0 0 0 0 1 0 0 0 0 0 0 0 0 0 0 1 0 0 0 0 0 0 0 0 0 0 1 0 0 0 0 0 0 0 0 0 0 0 0 1 0 0 0 0 0 0 0 0 0 0 1 0 0 0 0 0 0 0 0 0 0 1 0 0 0 0 0 0 0 0 0 0 0 0 1 0 0 0 0 0 0 0 0 0 0 1 0 0 0 0 0 0 0 0 0 0 1 0 0 0 0 0 0 0 0 0 0 0 0 1 0 0 0 0 0 0 0 0 0 0 1 0 0 0 0 0 0 0 0 0 0 1 0 0 0 0 0 0 0 0 0 2 0 0 0 0 0 0 0 0 2 0 0 0 1 0 0 0 0 0 0 0 0 0 0 0 0 0 0 0 0 0 0 0 0 1 0 0 0 0 0 0 0 0 0 0 0 0 0 0 0 0 0 0 2 0 1 0 0 0 0 0 0 0 0 0 0 0 1 0 0 0 0 0 0 0 0 0 0 0 0 0 1 0 0 0 0 0 0 0 0 0 0 0 0 0 0 0 0 0 1 0 0 0 0 0 0 0 0 0 0 0 0 0 0 0 0 0 1 0 0 0 0 0 0 0 0 0 0 0 0 0 0 0 0 0 0 2 0 1 0 0 0 0 0 0 0 0 0 0 0 1 0 0 0 0 0 0 0 0 0 0 0 0 0 0 0 0 0 1 0 0 0 0 0 0 0 0 0 0 0 0 0 0 0 0 0 0 0 2 0 1 0 0 0 0 0 0 0 0 0 0 0 1 0 0 0 0 0 0 0 0 0 0 0 0 0 0 0 0 0 1 0 0 0 0 0 0 0 0 0 0 0 0 0 0 0 0 0 0 0 2 0 1 0 0 0 0 0 0 0 0 0 0 0 1 0 0 0 0 0 0 0 0 0 0 0 0 0 0 0 0 1 0 0 0 0 0 0 0 0 0 0 0 0 0 0 0 0 0 1 0 0 0 0 0 0 0 0 0 0 0 0 0 0 0 0 0 2 0 1 0 0 0 0 0 0 0 0 0 0 0 1 0 0 0 0 0 0 0 0 0 0 0 0 0 0 0 0 1 0 0 0 0 0 0 0 0 0 0 0 0 0 0 0 0 0 1 0 0 0 0 0 0 0 0 0 0 0 0 0 0 0 0 0 2 0 1 0 0 0 0 0 0 0 0 0 0 0 1 0 0 0 0 0 0 0 0 0 0 0 0 0 0 0 0 1 0 0 0 0 0 0 0 0 0 0 0 0 0 0 0 0 1 0 0 0 0 0 0 0 0 0 0 0 0 0 0 0 0 0 0 2 0 1 0 0 0 0 0 0 0 0 0 0 0 1 0 0 0 0 0 0 0 0 0 0 0 0 0 0 0 0 1 0 0 0 0 0 0 0 0 0 0 0 0 0 0 0 0 0 0 2 0 1 0 0 0 0 0 0 0 0 0 0 0 1 0 0 0 0 0 0 0 0 0 0 0 0 0 0 0 0 1 0 0 0 0 0 0 0 0 0 0 0 0 0 0 0 0 0 2 0 1 0 0 0 0 0 0 0 0 0 0 0 1 0 0 0 0 0 0 0 0 0 0 0 0 0 0 0 0 1 0 0 0 0 0 0 0 0 0 0 0 0 0 0 0 0 0 0 2 0 1 0 0 0 0 0 0 0 0 0 0 0 1 0 0 0 0 0 0 0 0 0 0 0 0 0 0 0 0 1 0 0 0 0 0 0 0 0 0 0 0 0 0 0 0 0 1 0 0 0 0 0 0 0 0 0 0 0 0 0 0 0 0 0 0 2 0 1 0 0 0 0 0 0 0 0 0 0 0 1 0 0 0 0 0 0 0 0 0 0 0 0 0 0 0 0 1 0 0 0 0 0 0 0 0 0 0 0 0 0 0 0 0 1 0 0 0 0 0 0 0 0 0 0 0 0 0 0 0 0 0 0 2 0 1 0 0 0 0 0 0 0 0 2 0 0 0 0 0 0 0 0 2 0 0 0 0 0 0 0 0 0 0 0 0 0 0 0 0 0 0 0 0 0 0 0 0 0 0 0 0 0 0 0 0 0 0 0 0 0 0 0 0 0 0 0 0 0 0 0 0 0 0 0 0 0 0 0 0 0 0 0 0 0 0 0 0 0 0 0 0 0 0 0 0 0 0 0 0 0 0 0 0 0 0 0 0 0 0 0 0 0 1 0 0 0 0 0 10 5 0 5 0 5 5 5 5 0 0 0 5 5 0 0 5 0 6 0 0 10 5 0 5 0 5 5 5 5 0 0 0 5 5 0 0 5 0 6 0 0 6 3 0 3 0 3 0 0 3 3 0 0 3 3 0 0 3 0 4 0 0 2 0 0 0 0 0 2 0 1 0 1 0 0 1 0 0 0 1 1 0 0 0 0 0 0 0 0 0 2 0 0 1 0 1 0 0 1 0 0 0 1 1 0 0 1 0 0 0 0 2 0 0 1 0 0 1 0 0 1 0 0 0 1 1 0 0 1 0 0 0 0 0 0 0 0 0 1 1 2 0 0 1 0 1 0 0 1 0 0 0 1 1 0 0 1 1 0 0 0 0 0 0 0 0 2 0 0 1 0 0 1 0 0 1 0 0 0 0 0 0 2 0 0 1 0 0 1 0 0 1 0 0 0 1 1 0 0 1 0 0 0 0 2 0 0 1 0 0 0 1 0 0 1 0 0 0 0 0 0 0 0 2 0 0 1 0 1 0 0 1 0 0 0 1 1 0 0 1 0 0 0 2 0 0 1 0 1 0 0 1 0 0 0 1 1 0 0 1 0 0 0 2 0 0 1 0 0 0 1 0 0 1 0 0 1 0 0 0 0 0 2 0 0 1 0 1 0 0 1 0 0 0 1 1 0 0 1 0 0 0 0 2 0 0 1 0 0 1 0 0 1 0 0 0 1 1 0 0 1 0 0 0 0 0 0 0 0 2 0 0 1 0 1 0 0 1 0 0 0 1 1 0 0 1 0 0 0 2 0 0 1 0 0 1 0 0 1 0 0 0 1 1 0 0 1 0 0 0 0 0 0 0 0 2 0 0 1 0 1 0 0 1 0 0 0 1 1 0 0 1 0 0 0 0 0 0 2 0 0 1 0 1 0 0 1 0 0 0 1 1 0 0 0 0 0 0 0 0 0 0 0 2 0 0 1 0 1 0 0 1 0 0 0 1 1 0 0 1 0 0 0 0 2 0 0 1 0 1 0 0 1 0 0 0 1 1 0 0 1 1 0 0 0 0 2 0 0 1 0 1 0 0 1 0 0 0 1 1 0 0 1 0 0 0 0 0 2 0 0 1 0 1 0 0 1 0 0 0 1 1 0 0 0 1 0 0 0 0 0 2 0 0 1 0 1 0 0 1 0 0 0 1 1 0 0 1 0 0 0 0 0 2 0 0 1 0 1 0 0 1 0 0 0 1 1 0 0 1 0 0 0 0 0 1 1 1 1 1 0 0 0 1 1 1 1 1 0 0 0 1 1 1 0 0 0 2 0 0 1 0 0 1 0 0 0 0 0 0 0 2 0 0 1 1 0 1 0 0 1 0 0 0 1 1 0 0 0 0 0 0 0 0 2 0 0 1 0 1 0 0 1 0 0 0 0 1 1 0 0 1 0 0 0 1 0 0 0 0 2 0 1 0 1 0 0 1 0 0 0 1 1 0 0 0 0 0 0 0 0 0 2 0 1 0 0 0 0 1 0 1 0 0 1 0 0 0 1 1 0 0 0 0 0 0 0 2 0 0 1 0 0 1 0 0 1 0 0 0 1 1 0 0 0 1 0 0 0 1 0 0 0 1 0 0 0 0 2 0 0 1 0 0 1 0 0 1 0 0 0 1 1 0 0 0 0 0 0 1 0 0 0 0 0 0 0 2 0 0 0 0 0 0 1 1 1 0 1 0 1 0 0 0 1 1 1 1 
2950:/usr/local/share/minetest/games/minetest_game/mods/default/nodes.lua
0 0 0 1 0 0 0 0 0 0 0 0 0 0 0 0 0 0 0 0 0 0 0 0 0 0 0 0 0 0 0 0 0 0 0 0 0 0 0 0 0 0 0 0 0 0 0 0 0 0 0 0 0 0 0 0 0 0 0 0 0 0 0 0 0 0 0 0 0 0 0 0 0 0 0 0 0 0 0 0 0 0 0 0 0 0 0 0 0 0 0 0 0 0 0 0 0 0 0 0 0 0 0 0 0 0 0 0 0 0 0 0 0 0 0 0 0 0 0 0 0 0 0 0 0 0 0 0 0 0 0 0 0 0 0 0 0 0 0 0 0 0 0 0 0 0 0 0 0 0 0 0 0 0 0 0 0 0 0 0 0 0 0 0 0 0 0 0 0 0 0 0 0 0 0 0 0 0 0 0 0 0 0 0 0 0 0 0 0 0 0 0 0 0 0 0 0 0 0 0 0 0 0 0 0 0 0 0 0 0 0 0 0 0 0 0 0 0 0 0 0 0 0 0 0 0 0 0 0 0 0 0 0 0 0 0 0 0 0 0 0 0 0 0 0 0 0 1 0 0 0 0 1 0 0 0 0 0 2 2 1 1 0 0 2 0 0 2 2 1 0 1 2 0 0 2 2 0 0 1 0 1 2 0 0 2 2 1 0 1 2 0 0 2 2 1 0 1 2 0 0 0 2 2 1 1 0 0 2 0 0 2 2 1 0 1 2 0 0 2 2 0 0 1 0 1 2 0 0 2 2 1 0 1 2 0 0 2 2 1 1 2 0 0 2 2 0 0 1 0 1 2 0 0 2 2 1 0 1 2 0 0 2 2 1 1 2 0 0 2 2 0 0 1 0 1 2 0 0 2 2 1 0 1 2 0 0 2 2 1 1 2 0 0 2 2 0 0 1 0 1 2 0 0 2 2 1 0 1 2 0 0 2 2 1 2 1 0 0 2 2 0 0 1 0 2 1 0 0 2 2 1 0 2 1 0 0 0 0 0 0 2 2 1 1 2 0 0 2 2 1 0 1 1 0 2 1 1 0 0 2 2 1 0 1 1 0 2 1 1 0 0 2 2 1 1 0 1 1 0 2 1 1 0 0 2 2 1 0 1 1 0 2 1 1 0 0 2 2 1 0 1 0 1 1 1 0 2 1 1 0 0 2 2 1 0 1 0 1 1 1 0 2 1 1 0 0 2 2 1 1 2 0 0 2 2 1 0 1 1 0 2 1 1 0 0 2 2 1 1 2 0 0 2 2 1 0 1 1 2 0 0 2 2 1 0 1 1 2 1 1 0 0 2 2 1 1 2 0 0 2 2 1 1 2 0 0 2 2 1 1 2 0 0 0 2 2 1 1 2 1 0 1 1 1 1 1 0 0 2 2 1 1 0 2 0 0 0 2 2 1 0 0 0 0 0 0 1 0 1 1 1 1 1 0 1 1 1 1 1 2 0 0 0 0 0 0 1 0 0 2 2 1 1 2 0 0 0 0 0 0 1 0 0 0 2 2 1 0 0 1 2 0 0 0 2 2 1 0 1 1 0 2 0 0 0 0 0 0 2 2 1 0 0 1 2 0 1 0 0 2 2 0 0 1 0 1 2 0 0 2 2 0 1 0 0 0 0 0 1 1 0 1 1 1 1 2 0 0 0 1 0 0 0 0 0 0 0 0 0 0 0 0 1 0 0 2 2 0 0 1 1 0 0 1 1 0 1 0 0 1 0 1 0 0 0 1 1 1 1 2 0 1 0 0 2 2 0 1 0 0 0 0 0 1 0 1 1 1 1 2 2 0 0 0 1 0 0 0 0 0 0 1 0 0 2 2 0 0 0 0 0 0 0 0 0 0 1 0 0 0 0 0 0 0 0 1 0 0 0 2 2 1 1 0 0 1 2 0 1 0 0 2 2 0 0 1 0 1 2 0 0 2 2 0 0 1 1 0 0 1 1 0 1 1 1 1 1 2 0 1 0 0 2 2 0 1 0 0 0 0 0 1 1 0 1 1 1 1 2 0 0 0 1 0 0 0 0 0 0 0 0 0 0 0 0 1 0 0 2 2 0 1 0 0 0 0 0 1 1 0 1 1 1 1 2 0 0 0 1 0 0 0 0 0 0 0 0 0 0 0 1 0 0 0 2 2 1 1 0 0 1 2 0 1 0 0 2 2 0 0 1 0 1 2 0 0 2 2 0 1 0 0 0 1 1 0 1 1 1 1 1 2 0 1 0 0 2 2 0 1 0 0 0 0 0 1 1 0 1 1 1 1 2 0 0 0 1 0 0 0 0 0 0 0 0 0 0 0 0 1 0 0 0 2 2 1 1 0 0 1 2 0 1 0 0 2 2 0 0 1 0 1 2 0 0 2 2 0 1 1 0 0 0 1 1 0 1 1 1 1 1 2 0 1 0 0 2 2 0 1 0 0 0 0 0 1 1 0 1 1 1 1 2 0 0 0 1 0 0 0 0 0 0 0 0 0 0 0 0 1 0 0 2 2 1 1 0 0 1 2 0 1 0 0 2 2 0 0 1 0 1 2 0 0 2 2 0 1 0 0 0 1 1 0 1 1 1 1 1 2 0 1 0 0 2 2 0 1 0 0 0 0 0 1 1 0 1 1 1 1 2 0 0 0 1 0 0 0 0 0 0 0 0 0 0 0 0 1 0 0 0 0 0 0 2 2 1 1 0 2 0 0 2 2 1 0 1 2 0 0 0 2 2 1 1 0 2 0 0 2 2 1 0 1 2 0 0 0 2 2 1 1 0 2 0 0 2 2 1 0 1 2 0 0 0 2 2 1 1 0 2 0 0 2 2 1 0 1 2 0 0 0 2 2 1 0 1 2 0 0 0 2 2 1 1 0 2 0 0 2 2 1 0 1 2 0 0 0 0 2 2 1 1 0 2 0 0 2 2 1 0 1 2 0 0 0 2 2 1 1 0 2 0 0 2 2 1 0 1 2 0 0 0 0 0 0 2 2 1 1 0 1 2 1 0 0 2 2 0 1 0 0 0 0 0 1 0 1 0 0 1 1 1 2 0 0 0 0 0 0 0 0 0 1 0 0 0 0 0 0 0 0 0 0 0 0 0 1 0 0 0 0 0 0 0 0 0 0 0 0 0 0 0 0 0 0 0 0 0 0 0 0 0 0 1 0 0 2 2 0 1 0 0 0 0 0 1 0 1 1 1 2 0 0 0 1 0 0 2 2 0 0 1 0 0 0 0 0 0 0 0 1 2 1 0 1 1 0 0 2 2 0 0 0 1 0 0 0 0 0 0 1 2 1 0 1 1 0 0 0 2 2 0 0 1 0 0 0 0 0 0 0 1 1 2 1 0 1 1 0 0 0 0 0 0 0 1 0 0 5 8 8 0 0 4 4 4 0 0 0 0 0 4 0 4 8 4 0 4 4 0 0 0 0 2 2 0 0 1 0 0 0 0 0 0 1 1 2 1 0 1 1 0 0 0 0 0 0 0 1 0 0 5 8 8 0 0 4 4 4 0 0 0 0 4 4 0 8 4 0 4 4 0 0 0 0 2 2 0 0 1 0 0 0 0 0 0 1 1 2 1 0 1 1 0 0 0 0 0 0 0 1 0 0 3 4 4 0 0 0 2 2 2 0 0 0 0 2 2 0 4 2 0 2 2 0 0 0 0 2 2 0 0 1 0 0 0 0 0 0 1 1 2 1 0 1 1 0 0 0 0 0 0 0 1 0 0 3 4 4 0 0 2 2 2 0 0 0 0 2 2 0 4 2 0 2 2 0 0 0 0 2 2 0 0 1 0 0 0 0 1 2 1 0 1 1 0 0 2 2 0 1 0 1 1 0 1 1 1 1 1 2 0 1 0 0 2 2 0 1 0 0 0 0 0 1 1 0 1 1 1 1 2 0 0 0 1 0 0 0 0 0 0 0 0 0 0 0 1 0 0 2 2 0 1 0 1 0 2 0 0 0 0 0 1 0 0 2 2 0 1 0 1 1 0 1 1 1 1 1 2 0 0 0 0 0 0 0 1 0 1 0 0 2 2 0 1 0 0 0 0 0 1 1 0 1 1 1 1 2 0 0 0 1 0 0 0 0 0 0 0 0 0 0 0 1 0 0 2 2 0 0 1 0 0 0 0 1 2 1 0 1 1 0 0 2 2 0 1 0 1 1 0 1 1 1 1 1 2 0 1 0 0 2 2 0 1 0 0 0 0 0 1 1 0 1 1 1 1 2 0 0 0 1 0 0 0 0 0 0 0 0 0 0 0 1 0 0 2 2 0 0 1 0 0 0 0 1 2 1 0 1 1 0 0 2 2 0 1 0 1 1 0 1 1 1 1 1 2 0 1 0 0 2 2 0 1 0 0 0 0 0 1 1 0 1 1 1 1 2 0 0 0 1 0 0 0 0 0 0 0 0 0 0 0 1 0 0 0 2 2 0 0 1 1 0 0 0 0 1 1 0 1 1 1 1 1 0 0 2 1 1 1 0 0 0 0 0 0 0 0 0 0 0 0 0 0 0 0 0 0 0 0 0 0 0 0 0 0 0 0 0 0 0 0 0 0 0 0 0 0 0 0 1 0 0 0 1 0 0 0 0 0 0 0 0 0 0 0 0 0 0 0 0 0 0 0 0 0 0 0 0 0 0 0 0 0 0 0 0 0 0 0 0 0 0 0 0 0 0 0 0 1 0 2 2 0 0 0 1 1 0 0 1 1 0 1 1 1 1 1 0 0 2 1 1 1 0 1 0 0 0 1 0 0 2 2 0 0 0 1 1 0 0 1 1 0 1 1 1 1 1 0 0 2 1 1 1 0 1 0 0 0 1 0 0 2 2 0 0 0 1 1 0 0 1 1 0 1 1 1 1 1 0 0 2 1 1 1 0 1 0 0 0 1 0 0 2 2 1 1 0 2 0 0 2 2 1 1 0 2 0 0 2 2 1 1 2 0 0 0 0 0 0 0 2 2 0 0 1 0 0 0 1 0 0 0 0 1 1 0 0 0 1 0 0 0 0 1 1 1 0 0 0 0 0 0 0 0 0 0 0 0 0 1 1 2 0 0 2 2 0 0 1 1 0 0 0 1 0 0 0 0 1 1 0 0 0 1 0 0 0 0 1 1 1 0 0 0 0 0 0 0 0 0 0 0 0 0 0 1 1 1 2 0 0 0 2 2 0 1 0 0 0 1 0 0 0 0 1 1 0 0 0 1 0 0 0 0 1 1 1 0 0 0 0 0 0 0 0 0 0 0 0 0 0 0 0 0 0 0 1 1 2 0 0 2 2 0 1 1 0 0 0 1 0 0 0 0 1 1 0 0 0 1 0 0 0 0 1 1 1 0 0 0 0 0 0 0 0 0 0 0 0 0 0 0 0 1 1 1 2 0 0 0 2 2 0 1 0 0 0 1 0 0 0 0 1 1 0 0 0 1 0 0 0 0 1 1 1 0 1 0 0 0 0 0 0 0 0 0 0 0 0 0 1 1 0 0 2 2 0 1 1 0 0 0 1 0 0 0 0 1 1 0 0 0 1 0 0 0 0 1 1 1 0 0 1 0 0 0 0 0 0 0 0 0 0 0 0 0 1 1 1 0 0 0 0 0 0 0 1 1 1 1 1 1 2 0 0 0 0 0 0 0 0 0 0 0 0 0 0 0 0 0 0 0 0 0 0 0 0 0 0 0 0 0 0 0 0 0 0 0 1 0 1 2 1 1 0 0 1 2 0 0 0 0 0 0 1 0 0 0 1 0 0 0 0 0 1 0 0 0 0 0 0 1 0 1 1 0 0 4 2 0 2 2 2 0 0 0 0 0 0 2 0 2 2 2 2 2 0 2 0 0 0 0 2 0 0 0 0 0 0 0 0 0 0 0 0 0 0 0 0 0 0 0 0 0 0 0 0 2 0 3 0 3 2 1 0 0 3 2 1 0 0 2 2 0 1 0 0 0 0 0 0 0 0 1 0 0 0 0 1 1 0 2 0 0 2 2 0 1 0 0 0 0 0 0 0 0 1 0 0 0 0 1 1 2 0 0 2 2 0 1 1 1 1 0 1 2 0 0 2 2 0 1 1 1 1 0 1 2 0 0 2 2 0 1 1 1 1 0 1 2 0 0 2 2 0 1 1 1 1 0 1 2 0 0 2 2 0 1 1 1 1 0 1 2 0 0 2 2 0 1 1 1 1 0 1 2 0 0 2 2 0 1 1 1 1 0 1 2 0 0 2 2 0 1 1 1 1 0 1 2 0 0 2 2 0 1 1 1 1 0 1 2 0 0 2 2 0 1 1 1 1 0 1 2 0 0 2 2 0 1 0 0 0 0 1 2 0 0 2 2 0 1 0 0 0 0 2 1 0 0 0 2 2 0 0 1 0 0 1 0 1 2 0 0 0 2 2 0 1 0 0 0 1 2 1 0 0 2 2 0 0 0 0 2 2 0 0 0 0 2 2 0 0 0 0 2 2 0 0 0 0 2 2 0 0 0 0 0 0 0 0 2 2 1 0 2 1 0 0 0 0 0 0 1 0 0 0 0 0 0 0 0 0 0 0 0 2 1 1 0 0 0 2 1 1 0 0 0 0 2 1 1 0 0 0 2 1 1 0 0 0 2 1 1 0 0 0 2 1 1 0 0 0 2 1 1 0 0 0 2 1 1 0 1 
477:/usr/local/share/minetest/games/minetest_game/mods/default/tools.lua
0 0 0 1 0 0 0 2 1 1 0 0 1 1 1 1 1 1 1 0 0 0 0 0 0 2 2 0 1 0 0 1 1 1 1 1 1 1 0 0 2 2 0 1 0 0 1 1 1 1 1 1 1 0 0 2 2 0 1 0 0 1 1 1 1 1 1 1 0 0 2 2 0 1 0 0 1 1 1 1 1 1 1 0 0 2 2 0 1 0 0 1 1 1 1 1 1 1 0 0 2 2 0 1 0 0 1 1 1 1 1 1 1 0 0 0 0 0 0 2 2 0 0 1 0 0 1 1 1 1 1 1 1 0 0 2 2 0 0 1 0 0 1 1 1 1 1 1 1 0 0 2 2 0 0 1 0 0 1 1 1 1 1 1 1 0 0 2 2 0 0 1 0 0 1 1 1 1 1 1 1 0 0 2 2 0 0 1 0 0 1 1 1 1 1 1 1 0 0 2 2 0 0 1 0 0 1 1 1 1 1 1 1 0 0 0 0 0 0 2 2 0 1 0 0 1 1 1 1 1 1 1 0 0 2 2 0 1 0 0 1 1 1 1 1 1 1 0 0 2 2 0 1 0 0 1 1 1 1 1 1 1 0 0 2 2 0 1 0 0 1 1 1 1 1 1 1 0 0 2 2 0 1 0 0 1 1 1 1 1 1 1 0 0 2 2 0 1 0 0 1 1 1 1 1 1 1 0 0 0 0 0 0 2 2 0 1 0 0 1 1 1 1 1 1 1 0 0 2 2 0 1 0 0 1 1 1 1 1 1 1 0 0 2 2 0 1 0 0 1 1 1 1 1 1 1 0 0 2 2 0 1 0 0 1 1 1 1 1 1 1 0 0 2 2 0 1 0 0 1 1 1 1 1 1 1 0 0 2 2 0 1 0 0 1 1 1 1 1 1 1 0 0 0 0 0 0 1 0 0 0 0 0 0 0 0 7 12 6 6 6 6 6 6 0 0 12 6 6 6 6 6 6 0 0 12 6 6 6 6 6 6 0 0 12 6 6 6 6 6 6 0 0 0 1 0 0 0 0 0 1 0 0 0 0 0 1 0 0 0 0 0 1 0 0 0 1 
157:/usr/local/share/minetest/games/minetest_game/mods/default/torch.lua
0 0 0 1 0 0 0 0 0 0 0 0 0 0 0 0 0 0 0 1 0 2 2 0 0 0 0 1 0 1 1 0 0 0 0 0 0 0 1 0 1 0 1 1 2 0 0 0 0 0 0 0 0 0 0 0 0 0 0 0 0 0 0 0 0 0 0 0 0 0 0 1 0 1 0 0 0 2 0 0 1 0 1 1 0 0 0 0 0 0 1 0 1 0 1 1 2 0 1 0 0 0 2 0 0 1 0 1 1 0 0 0 0 0 0 1 0 1 0 1 1 2 0 1 0 0 0 2 0 1 0 0 0 0 0 0 0 0 0 0 0 1 0 0 2 0 1 1 1 1 0 0 1 0 0 0 1 
606:/usr/local/share/minetest/games/minetest_game/mods/default/trees.lua
0 0 0 1 0 1 0 0 0 0 0 0 0 2 0 0 0 0 0 0 0 0 0 0 0 0 1 0 0 0 0 0 0 1 0 0 0 0 2 0 0 0 0 0 0 0 0 0 0 0 0 0 0 0 0 0 0 0 0 0 0 0 0 0 0 0 0 0 0 0 0 0 0 0 0 0 0 0 0 0 0 0 0 0 0 0 0 0 0 0 0 0 0 0 0 0 0 0 0 0 0 0 0 1 0 2 0 1 0 1 0 0 1 0 0 0 0 0 0 0 0 0 0 0 0 0 0 0 0 0 0 0 0 0 0 0 0 0 0 0 0 0 0 0 0 0 0 0 0 0 0 0 0 0 0 0 0 0 0 0 0 0 0 0 0 0 0 0 0 0 0 0 0 0 0 0 1 0 0 0 0 2 0 0 0 0 0 0 0 0 0 0 0 0 0 0 0 0 0 0 0 0 0 0 0 0 0 0 0 1 0 0 0 0 2 0 0 0 0 0 0 0 0 0 0 0 0 0 0 0 0 0 0 0 0 0 0 0 0 0 0 0 0 0 0 0 0 0 0 0 0 0 0 0 0 0 0 0 0 0 0 0 1 0 0 0 0 0 0 0 0 0 1 0 0 0 0 0 0 1 0 2 0 0 0 0 0 0 0 0 0 0 0 0 0 0 0 0 0 0 0 0 0 0 0 0 0 0 0 0 0 0 0 0 0 0 0 0 0 0 0 0 0 0 0 0 0 0 0 0 0 0 0 0 0 0 0 0 0 0 0 0 0 0 0 0 0 0 0 0 0 0 0 0 0 0 0 0 0 0 0 0 0 0 0 0 0 0 0 0 0 0 0 0 0 0 0 0 0 0 0 0 0 0 0 0 0 0 1 0 0 0 0 2 0 0 0 0 1 0 0 0 0 2 0 0 0 0 1 0 0 0 0 2 0 0 0 0 1 0 0 0 0 2 0 0 0 0 0 0 0 0 0 0 1 0 0 0 0 2 0 0 0 0 0 0 0 0 0 0 1 0 0 0 0 2 0 0 0 0 1 0 0 0 0 2 0 0 0 0 1 0 0 0 0 0 0 0 2 0 0 0 0 1 0 0 0 2 0 0 0 0 1 0 0 0 0 2 0 0 0 0 1 0 0 0 0 2 0 0 0 0 1 0 0 0 0 2 0 0 0 0 1 0 0 0 0 0 0 2 0 0 0 0 0 0 0 0 0 0 0 0 0 0 0 0 0 0 0 0 0 0 0 0 0 0 0 0 0 0 0 0 0 0 0 0 0 0 0 0 0 0 0 0 0 0 0 0 0 0 0 0 0 0 0 0 0 0 0 0 0 0 0 0 0 0 0 0 0 0 0 0 0 0 0 2 
924:/usr/local/share/minetest/games/minetest_game/mods/doors/init.lua
0 0 0 1 0 1 1 0 0 1 0 0 0 0 0 0 0 0 0 1 0 0 2 0 0 0 0 0 0 0 0 0 0 0 0 0 0 0 0 0 0 0 0 0 0 0 0 0 0 0 0 0 0 0 0 0 0 0 0 0 0 0 0 0 0 0 0 0 0 0 0 0 0 0 1 0 0 0 2 2 0 0 0 0 0 0 0 0 0 0 0 0 0 1 1 0 1 0 1 1 0 0 0 1 1 1 1 1 1 1 1 1 1 1 1 1 1 1 1 1 1 1 1 1 1 1 1 1 0 0 2 0 0 0 0 0 0 0 0 0 0 0 0 0 0 0 0 0 0 0 0 0 0 0 0 0 0 0 0 0 0 0 0 0 0 0 0 0 0 0 0 0 0 0 0 0 0 0 0 0 0 0 0 0 0 1 0 0 0 0 0 0 0 0 0 0 0 0 0 0 0 0 0 0 0 0 0 1 0 0 0 0 1 0 2 5 4 0 0 0 10 5 5 0 0 0 0 0 0 0 0 0 0 0 0 0 0 0 0 0 0 0 0 0 0 0 0 0 0 0 0 5 0 0 10 5 5 10 0 0 0 0 0 0 0 0 0 0 0 0 0 0 0 0 0 0 0 0 0 0 0 0 0 0 0 0 0 0 0 0 0 0 0 0 0 0 0 0 0 0 0 0 0 0 0 0 0 0 0 0 0 0 0 0 0 0 0 0 0 0 0 0 0 0 0 0 0 0 0 0 0 0 0 0 0 0 0 0 0 0 0 0 0 5 0 5 0 5 10 5 5 0 0 5 0 5 2 0 0 5 1 0 0 5 1 0 0 5 0 0 0 5 0 0 0 5 5 5 5 5 5 5 5 5 0 0 0 5 0 0 0 0 5 0 0 5 0 5 2 2 0 0 0 2 0 0 0 0 0 0 0 0 0 0 0 0 0 0 0 0 0 0 0 0 2 2 0 0 0 0 0 0 3 0 0 0 0 5 0 5 5 5 5 5 5 5 5 5 5 0 5 10 0 5 10 0 5 10 0 5 10 0 5 5 5 5 6 0 2 1 2 0 1 0 0 1 1 1 1 1 0 0 2 1 2 0 0 1 2 0 0 0 0 1 1 1 1 1 0 0 2 1 2 0 1 2 0 0 0 0 1 1 1 1 1 0 0 2 1 2 0 1 2 0 0 0 0 1 1 1 1 1 0 0 0 2 0 0 0 0 0 0 0 0 0 0 0 0 0 0 0 0 0 0 0 0 1 0 0 0 2 0 0 0 0 0 0 0 0 0 0 0 0 0 0 0 0 0 0 0 0 0 1 0 2 3 0 0 0 3 3 0 0 0 0 3 0 0 3 3 3 3 3 0 3 2 0 0 0 0 0 0 0 2 0 2 0 0 0 2 0 0 0 0 0 0 0 0 0 0 0 0 0 0 0 0 0 0 0 0 2 2 0 0 0 0 1 0 0 3 2 0 0 3 1 0 0 3 1 0 0 3 0 0 0 3 0 0 0 3 3 0 3 0 0 3 0 3 3 0 3 0 3 3 3 3 3 3 3 3 3 3 0 3 0 0 3 0 3 3 0 3 0 3 3 3 3 3 3 3 3 3 3 0 3 3 0 3 3 0 3 3 4 0 2 2 0 0 0 0 0 0 1 0 0 2 2 0 0 0 0 0 2 0 0 0 0 1 0 0 2 0 1 1 1 1 1 0 0 2 0 1 1 1 1 0 0 0 0 1 0 2 5 5 0 5 0 0 0 0 5 5 5 5 0 0 0 0 0 0 5 5 0 5 5 0 0 0 5 5 0 0 0 0 0 0 0 5 10 0 0 5 0 5 5 5 5 5 0 5 5 0 5 5 5 5 5 5 0 5 5 5 0 5 5 0 10 5 5 5 5 5 0 6 0 2 2 0 0 1 0 0 2 2 0 0 1 0 0 2 2 0 0 1 0 0 2 2 0 0 1 0 0 2 2 0 0 1 0 0 0 0 0 1 0 0 0 0 0 1 0 0 0 0 0 1 0 0 0 0 0 1 0 0 0 0 0 1 0 0 0 0 0 1 0 0 0 0 0 1 0 0 0 1 
8:/usr/local/share/minetest/games/minetest_game/mods/dungeon_loot/init.lua
1 0 1 1 1 0 1 1 
60:/usr/local/share/minetest/games/minetest_game/mods/dungeon_loot/loot.lua
0 0 0 1 0 1 1 0 0 1 1 1 0 0 1 1 1 1 0 0 1 1 1 0 0 1 1 1 1 1 1 1 1 1 1 1 1 1 0 2 4 2 0 13 9 0 5 0 2 0 0 0 0 0 0 0 0 0 0 2 
171:/usr/local/share/minetest/games/minetest_game/mods/dungeon_loot/mapgen.lua
1 0 0 0 1 0 0 0 0 0 0 0 0 0 1 0 0 0 0 0 0 0 0 0 0 0 0 0 0 0 0 0 0 0 0 0 0 0 0 0 0 0 0 0 0 0 0 0 0 0 0 0 0 0 0 0 0 0 0 0 0 0 0 0 0 0 0 0 0 0 1 0 0 0 0 0 0 0 0 0 0 0 0 0 0 0 0 0 0 0 0 0 0 0 0 0 0 0 0 0 0 0 0 0 0 0 0 0 0 0 0 0 0 0 0 0 0 0 0 0 0 1 0 0 2 0 0 0 0 0 0 0 0 0 0 0 0 0 0 0 0 0 0 0 0 0 0 0 0 0 0 0 0 0 0 0 0 0 0 0 0 0 0 0 0 0 0 0 0 0 2 
105:/usr/local/share/minetest/games/minetest_game/mods/dye/init.lua
0 0 1 0 0 1 0 0 0 1 1 1 1 1 1 1 1 1 1 1 1 1 1 1 1 1 0 0 0 16 15 15 15 15 0 30 15 30 15 0 0 30 15 15 15 15 0 0 0 0 0 2 0 1 1 1 0 0 0 0 2 0 1 1 1 0 0 0 0 1 0 0 1 1 1 0 1 1 0 1 1 1 0 1 1 1 1 0 1 1 1 1 0 1 1 1 0 0 20 38 0 19 19 0 1 
112:/usr/local/share/minetest/games/minetest_game/mods/env_sounds/init.lua
0 0 0 1 0 1 1 1 0 0 0 1 1 1 0 0 1 0 0 1 1 0 0 1 0 0 0 0 0 0 0 1 0 3 6 4 0 0 0 0 0 0 0 0 0 0 0 0 0 0 0 0 0 0 0 0 0 0 0 0 0 0 0 0 0 0 0 0 0 0 0 0 0 0 0 0 0 0 0 0 0 0 0 0 0 0 0 0 0 0 0 0 1 0 0 0 0 2 0 1 0 0 0 0 0 0 0 0 0 1 0 2 
400:/usr/local/share/minetest/games/minetest_game/mods/farming/api.lua
0 0 0 1 0 0 0 1 0 1 0 0 0 0 0 0 0 0 0 0 0 0 0 0 0 0 0 0 0 0 0 0 0 0 0 0 0 0 0 0 0 0 0 0 0 0 0 0 0 0 0 0 0 0 0 0 0 0 0 0 0 0 0 0 0 0 0 0 0 0 0 0 0 0 0 0 1 0 0 1 0 12 0 0 0 6 0 0 6 0 0 6 0 0 0 12 6 6 0 0 6 6 6 0 0 6 0 0 0 0 6 6 6 3 3 3 3 3 0 0 7 0 0 0 0 1 0 0 0 1 0 0 1 0 0 0 0 0 0 0 0 0 0 0 0 0 0 0 0 0 0 0 0 0 0 0 0 0 0 0 0 0 0 0 0 0 0 0 0 0 0 0 0 0 0 0 0 0 0 0 0 0 0 0 0 0 0 1 0 1 0 0 0 0 0 0 0 0 0 0 0 0 0 0 0 0 0 0 0 0 0 0 0 0 0 0 0 0 0 0 0 0 0 0 0 0 0 0 0 0 0 0 0 0 0 0 0 0 0 0 0 0 0 0 0 0 0 0 0 0 1 0 0 1 4 4 0 0 2 0 0 2 0 0 2 0 0 2 0 0 2 0 0 2 0 0 2 0 0 0 2 0 0 2 2 5 3 0 4 2 2 2 2 0 2 0 0 2 0 0 2 0 2 2 2 4 2 2 2 2 0 0 0 0 0 0 0 0 0 0 0 0 0 2 2 2 2 2 0 0 0 4 2 2 2 0 0 0 18 16 16 16 0 16 16 16 16 16 16 16 0 16 16 0 16 0 16 14 14 0 0 32 0 0 16 0 16 16 0 0 16 16 0 16 16 16 32 16 16 16 16 0 0 0 0 4 2 2 0 0 2 0 0 0 2 2 2 0 2 1 
54:/usr/local/share/minetest/games/minetest_game/mods/farming/hoes.lua
0 0 0 1 0 2 2 0 0 0 1 0 0 2 2 0 0 0 1 0 0 2 2 0 0 0 1 0 0 0 0 0 0 0 2 2 0 0 1 0 0 2 2 0 0 1 0 0 2 2 0 0 1 1 
171:/usr/local/share/minetest/games/minetest_game/mods/farming/init.lua
0 0 0 1 0 0 0 1 1 1 0 0 0 1 1 1 0 0 0 0 2 2 2 0 0 0 0 1 1 1 0 0 0 2 2 0 1 0 0 2 2 0 2 1 0 0 2 0 0 1 0 0 1 0 0 0 0 0 0 0 0 0 2 2 2 0 0 0 1 1 1 0 0 2 0 0 1 0 1 0 0 1 0 0 0 1 1 0 0 0 0 0 2 2 0 1 0 0 2 0 1 1 1 1 0 0 2 0 1 1 1 1 0 0 0 0 0 2 0 1 1 1 1 1 0 0 2 0 1 1 1 0 0 0 0 0 1 0 0 0 0 0 1 0 0 0 0 0 1 0 0 0 0 0 1 0 0 0 0 0 0 0 0 2 2 1 1 1 1 0 1 
282:/usr/local/share/minetest/games/minetest_game/mods/farming/nodes.lua
0 0 0 1 0 2 1 0 0 0 1 0 0 2 1 0 0 0 1 0 0 2 1 0 0 0 1 0 0 2 1 0 0 0 1 0 0 2 1 0 0 0 1 0 0 2 1 0 0 0 1 0 0 2 1 0 0 0 1 0 0 2 2 1 0 1 2 1 0 0 0 1 0 0 2 2 1 0 1 2 1 0 0 0 1 0 0 2 2 1 0 1 2 1 0 0 0 1 0 0 2 2 1 0 1 2 1 0 0 0 1 0 0 2 1 1 0 0 0 1 0 2 2 0 1 1 2 1 0 0 0 1 0 0 2 2 0 1 1 2 1 0 0 0 1 0 0 2 2 1 0 1 2 0 0 0 1 0 0 0 0 0 0 1 1 1 1 0 2 1 2 1 2 1 2 1 0 0 2 0 1 0 0 0 0 0 0 0 0 0 0 0 0 0 0 0 0 0 0 0 0 0 0 0 0 0 0 0 0 0 0 0 0 0 0 0 0 0 0 0 0 0 0 0 0 0 0 0 1 0 0 0 0 0 6 10 0 5 5 5 5 5 0 0 0 0 0 0 0 0 0 0 2 0 1 1 1 1 1 0 0 0 0 2 2 0 0 1 0 0 0 0 0 0 1 0 2 1 0 1 1 1 
307:/usr/local/share/minetest/games/minetest_game/mods/fire/init.lua
0 0 0 1 0 0 1 0 0 1 1 0 1 1 0 1 0 0 0 0 0 0 0 0 0 0 0 0 0 0 0 0 0 0 1 0 0 1 0 1 0 1 0 0 0 0 1 1 0 0 0 0 0 0 0 0 1 0 1 0 0 0 1 2 1 0 0 0 0 0 0 0 1 0 0 1 0 1 0 0 1 2 0 1 0 0 2 2 0 1 0 0 0 0 0 0 0 0 0 0 0 0 0 0 0 0 0 0 0 0 0 0 0 0 0 0 0 0 0 0 0 0 0 0 0 1 0 0 2 0 1 1 1 0 0 0 0 2 0 0 0 0 0 1 0 0 0 0 0 1 0 0 0 0 0 0 0 0 1 0 1 1 1 0 0 1 1 0 0 2 0 0 0 0 0 0 0 0 0 0 0 0 0 0 0 0 0 0 0 0 0 0 0 0 0 0 0 0 0 0 0 0 0 0 0 0 0 0 0 0 0 0 0 0 0 0 0 0 0 0 0 0 0 0 0 0 0 0 0 0 0 0 1 0 0 2 0 0 0 0 0 0 0 0 0 0 1 0 0 2 0 0 0 0 0 2 0 0 0 0 1 0 0 0 0 0 1 0 0 0 0 0 0 0 0 0 0 0 0 0 0 0 0 0 0 0 0 0 0 0 0 0 0 0 0 0 0 0 0 0 0 0 0 0 0 0 1 
291:/usr/local/share/minetest/games/minetest_game/mods/fireflies/init.lua
0 0 0 1 0 0 2 2 0 1 0 1 0 0 0 0 1 1 0 0 0 0 0 0 0 1 1 0 1 1 0 0 0 0 0 0 0 0 0 0 0 0 0 0 1 0 0 0 0 0 1 0 0 2 2 0 0 0 0 0 0 0 0 0 0 1 0 0 0 0 0 0 0 0 0 0 0 0 0 1 0 0 0 0 0 1 0 0 0 0 2 2 0 0 0 0 0 0 0 0 0 0 0 0 0 0 0 0 0 0 0 0 0 1 0 0 2 0 1 1 1 1 1 0 0 0 0 2 2 0 0 1 0 1 0 0 0 0 1 1 0 0 0 0 0 1 1 0 1 1 2 0 0 0 0 0 0 0 0 0 0 0 0 0 0 0 0 0 0 0 0 0 0 1 0 0 2 0 1 1 1 1 0 0 0 0 0 1 0 0 0 0 0 0 0 0 0 0 0 0 0 0 0 0 0 0 0 0 0 0 0 0 0 0 0 2 0 0 1 0 0 0 0 1 0 0 0 1 0 0 0 0 1 0 0 0 0 0 2 0 0 1 0 0 0 0 1 0 0 0 1 0 0 0 0 1 0 0 0 0 0 0 0 0 0 1 1 0 1 0 0 2 0 0 0 0 0 0 0 0 0 0 0 0 0 0 0 0 0 0 2 
335:/usr/local/share/minetest/games/minetest_game/mods/flowers/init.lua
0 0 0 0 0 0 0 0 1 0 0 1 0 0 0 0 1 0 0 0 0 0 0 0 0 1 1 1 1 1 1 0 0 0 0 0 0 8 8 8 8 0 16 8 0 0 8 8 8 0 0 0 0 8 16 8 0 8 8 0 9 0 1 0 0 2 1 1 1 0 0 2 1 1 1 0 0 2 1 1 1 0 0 2 1 1 1 0 0 2 1 1 1 0 0 2 1 1 1 0 0 2 1 1 1 0 0 2 1 1 1 1 0 9 8 0 0 0 0 0 0 2 0 0 0 0 0 0 0 0 0 0 0 0 0 0 0 0 0 0 0 0 0 0 0 0 0 0 0 0 0 0 0 0 0 0 0 0 0 0 0 0 0 0 0 0 0 0 0 1 0 2 0 1 0 0 0 0 1 0 0 0 0 0 0 0 2 2 1 0 0 0 0 0 0 0 1 2 2 1 0 1 1 0 0 2 2 1 0 0 0 0 0 0 0 1 2 2 1 0 1 1 0 0 0 0 0 2 0 0 0 0 0 0 0 0 0 0 0 0 0 0 0 0 0 0 1 0 2 0 1 0 0 0 0 1 0 0 0 0 0 1 1 1 1 1 1 0 0 0 0 0 0 1 2 0 0 0 1 0 0 0 0 0 0 0 1 2 0 1 0 1 1 1 0 1 1 0 0 0 0 0 0 0 0 0 0 0 0 0 0 0 0 0 0 0 0 0 0 0 0 0 0 0 0 1 0 0 1 1 1 1 0 1 2 
181:/usr/local/share/minetest/games/minetest_game/mods/flowers/mapgen.lua
0 0 0 0 0 0 0 0 0 0 0 0 0 0 0 0 0 0 0 0 0 0 1 0 0 0 0 0 0 0 0 0 0 0 0 0 0 0 0 0 0 0 0 0 1 0 0 0 0 0 0 0 0 0 0 0 0 0 0 0 0 0 0 0 0 0 0 1 0 2 0 0 0 0 0 0 0 0 0 0 0 1 0 0 0 0 0 0 0 16 8 0 8 0 8 0 0 8 8 0 0 8 8 0 0 8 0 9 0 0 4 2 0 2 0 2 0 0 2 0 0 0 2 2 0 0 2 0 3 0 0 2 0 0 1 0 1 0 0 1 0 0 0 1 1 0 0 0 0 0 0 0 2 0 2 1 1 1 1 1 1 1 1 0 1 1 0 1 2 0 0 0 0 0 0 1 1 0 0 1 1 
31:/usr/local/share/minetest/games/minetest_game/mods/game_commands/init.lua
0 0 0 1 0 0 2 2 0 0 0 0 0 0 0 0 0 0 0 0 0 0 0 0 0 0 0 0 0 1 1 
46:/usr/local/share/minetest/games/minetest_game/mods/give_initial_stuff/init.lua
0 0 1 1 1 0 1 1 1 0 2 0 0 0 0 0 0 1 0 2 5 6 0 2 0 1 0 2 1 6 5 0 2 0 2 0 1 0 2 0 1 0 1 1 0 1 
6:/usr/local/share/minetest/games/minetest_game/mods/keys/aliases.lua
0 0 0 0 1 2 
28:/usr/local/share/minetest/games/minetest_game/mods/keys/crafting.lua
0 0 0 0 2 0 1 1 1 0 0 0 0 0 0 1 0 0 0 0 0 0 1 0 0 0 0 1 
101:/usr/local/share/minetest/games/minetest_game/mods/keys/craftitems.lua
0 1 0 0 0 0 0 2 2 0 0 0 0 0 0 0 0 0 0 0 0 0 0 0 0 0 0 0 0 0 0 0 0 0 0 0 0 0 0 0 0 0 0 0 0 0 0 0 0 0 0 0 0 0 0 0 0 0 0 0 1 0 0 2 2 0 1 0 0 0 0 0 0 0 0 0 0 0 0 0 0 0 0 0 0 0 0 0 0 0 0 0 0 0 0 0 0 0 0 1 1 
6:/usr/local/share/minetest/games/minetest_game/mods/keys/init.lua
0 1 0 1 1 1 
80:/usr/local/share/minetest/games/minetest_game/mods/map/init.lua
0 0 0 0 1 0 0 0 1 0 0 0 0 0 2 0 0 0 0 0 0 0 0 0 0 1 0 0 0 0 2 0 1 0 0 0 0 0 0 0 0 0 1 0 1 0 0 0 0 2 3 0 0 1 0 0 0 1 0 0 0 0 0 2 0 1 1 1 1 1 0 0 0 0 0 1 0 0 0 1 
437:/usr/local/share/minetest/games/minetest_game/mods/mtg_craftguide/init.lua
1 1 0 1 1 1 1 0 1 0 0 0 0 0 0 0 1 2 2 2 2 2 2 2 0 2 2 2 2 2 2 2 2 0 2 2 2 2 2 2 2 2 2 2 2 2 2 2 2 0 0 0 2195 1720 966 0 0 476 0 0 4640 698 0 1971 1 0 0 67836 67338 66301 0 0 498 1 0 0 237 207 207 19 188 188 0 0 0 10170 20326 23 0 0 0 7 1 0 0 507 507 170 0 0 783 2210 1771 1771 474 0 1778 7 7 0 0 0 0 337 337 0 1 0 0 60631 1 0 0 439 2203 1764 549 549 59920 59808 116296 475 475 475 475 475 0 112 874 437 437 0 549 0 0 440 0 2 535 1068 507 507 337 776 439 0 0 0 0 535 534 368 0 0 1 2 0 0 0 1 0 0 0 1 0 0 0 0 0 0 0 0 0 0 0 0 0 0 0 0 0 0 0 0 0 0 0 0 0 1 0 0 0 0 0 0 0 0 0 0 0 0 0 0 0 0 0 0 0 0 0 0 0 0 0 0 0 0 0 0 0 0 0 0 0 0 0 0 0 0 0 0 0 0 0 0 0 0 0 0 0 0 0 0 0 0 0 0 0 0 0 0 0 1 0 0 0 0 0 0 0 0 0 0 0 0 0 0 0 0 0 0 0 0 0 0 0 0 0 0 0 0 0 0 0 0 0 0 0 0 0 0 0 0 0 0 0 0 0 0 0 1 0 0 0 1 0 0 0 0 0 0 0 0 0 0 0 0 0 0 0 0 0 1 0 0 0 0 0 0 0 0 0 0 0 0 0 0 0 0 0 0 0 0 0 0 0 0 0 0 0 0 0 0 0 0 0 0 0 0 0 0 0 0 0 0 0 0 0 0 0 0 0 0 0 0 0 0 0 0 0 0 0 0 0 0 0 0 0 0 0 0 0 0 0 0 0 1 0 2 0 0 0 0 0 0 0 0 0 1 0 2 0 0 1 0 2 3 0 0 1 0 0 0 0 1 1 
232:/usr/local/share/minetest/games/minetest_game/mods/player_api/api.lua
1 0 0 0 1 0 1 0 0 1 0 0 11 3 0 20 20 8 0 0 0 1 0 2 1 1 1 1 1 0 0 0 7 6 6 6 0 24 21 11 11 3 3 0 0 0 6 0 2 0 0 0 1 1 0 0 0 1 0 2 0 1 0 0 2 0 0 0 0 0 0 0 0 0 0 0 0 0 0 0 0 0 0 0 0 0 0 0 0 0 0 0 0 0 0 0 1 0 2 0 0 0 1 0 2 0 0 0 0 0 1 0 2 0 0 0 1 0 2 0 0 0 0 0 0 0 0 0 0 0 0 0 0 0 0 0 0 0 0 0 0 0 0 0 0 0 0 0 0 0 0 0 0 0 0 0 1 0 2 0 0 0 1 0 2 0 0 0 1 0 0 1 1 0 0 1 2 0 0 0 0 1 0 0 2 0 0 0 0 0 0 0 0 0 0 0 0 0 0 0 0 0 0 0 0 0 0 0 0 0 0 0 0 0 1 0 0 2 0 1 0 5 4 4 0 0 0 0 0 0 4 1 
26:/usr/local/share/minetest/games/minetest_game/mods/player_api/init.lua
1 0 0 2 0 1 1 0 1 1 1 1 1 1 1 1 1 1 0 0 0 0 0 2 0 2 
194:/usr/local/share/minetest/games/minetest_game/mods/screwdriver/init.lua
0 0 1 0 0 1 0 0 1 1 1 0 1 1 0 0 0 1 0 0 0 0 0 0 0 0 0 0 0 0 1 0 1 0 1 1 0 0 0 0 0 0 1 1 0 0 0 0 0 0 1 0 0 1 0 0 0 0 1 0 1 0 1 0 0 0 0 0 0 0 0 1 0 1 0 1 1 1 0 0 1 0 0 0 0 0 0 0 0 0 0 0 0 0 0 1 0 1 0 0 1 0 0 0 0 0 0 0 0 0 0 0 0 0 0 0 0 0 0 0 0 0 0 0 0 0 0 0 0 0 0 0 0 0 0 0 0 0 0 0 0 0 0 0 0 0 0 0 0 0 0 0 0 0 0 0 0 0 0 0 0 0 0 0 1 0 0 2 3 0 1 0 0 0 1 0 0 0 1 0 0 0 2 0 1 1 1 1 0 0 1 1 1 2 
114:/usr/local/share/minetest/games/minetest_game/mods/sethome/init.lua
0 0 1 0 0 1 0 0 1 1 0 0 1 1 1 0 0 0 0 0 0 0 1 0 1 0 1 0 0 0 0 0 0 0 0 0 0 0 0 0 0 0 0 0 0 0 0 0 0 0 1 0 1 0 0 0 0 0 0 0 0 0 0 0 0 0 0 0 0 0 1 0 1 0 0 0 0 0 0 0 1 0 2 2 0 0 0 2 2 1 0 0 0 0 0 0 0 0 0 1 0 0 2 2 1 0 0 0 0 0 0 0 1 1 
189:/usr/local/share/minetest/games/minetest_game/mods/sfinv/api.lua
1 1 1 1 0 1 0 2 6 6 6 12 0 6 6 6 7 0 2 0 0 0 0 0 0 0 1 0 2 0 0 0 0 0 0 0 1 0 0 0 0 0 0 0 0 0 0 0 0 1 0 2 0 0 0 0 0 0 0 1 0 2 0 1 0 2 0 0 0 0 0 0 0 0 0 0 0 0 0 0 0 0 0 0 0 0 0 0 0 0 0 0 0 0 0 0 0 0 0 0 0 0 0 0 0 1 0 2 0 0 0 0 0 0 0 0 0 1 0 2 0 1 0 2 0 0 0 1 0 2 0 0 0 0 0 0 0 0 0 0 0 1 0 2 0 0 1 0 2 0 0 0 1 0 2 0 1 0 2 0 0 0 0 0 0 0 0 0 0 0 0 0 0 0 0 0 0 0 0 0 0 0 0 0 0 0 0 0 2 
19:/usr/local/share/minetest/games/minetest_game/mods/sfinv/init.lua
0 0 1 0 0 1 0 2 2 0 0 0 0 0 0 0 0 1 1 
158:/usr/local/share/minetest/games/minetest_game/mods/spawn/init.lua
0 0 0 0 0 1 1 1 1 0 0 0 0 0 0 0 0 1 0 1 0 0 1 0 0 0 0 1 1 1 1 1 1 0 0 0 0 0 0 0 0 1 1 1 1 1 0 0 0 0 0 1 1 1 1 1 1 1 0 0 0 0 0 0 1 1 1 0 0 0 0 0 0 0 0 0 0 0 0 0 0 0 0 0 0 0 0 0 0 0 0 1 0 0 0 0 0 0 0 0 0 0 0 0 0 0 0 0 0 0 0 0 0 0 0 0 0 0 0 0 1 0 0 0 0 0 0 0 0 0 0 0 0 0 0 0 0 0 1 0 2 0 1 0 1 1 1 0 0 2 0 0 0 0 0 0 0 2 
1006:/usr/local/share/minetest/games/minetest_game/mods/stairs/init.lua
0 0 0 0 0 0 0 0 1 0 0 1 0 1 0 0 0 0 1 1 0 0 0 0 1 0 0 0 0 0 0 0 0 0 0 0 0 0 0 0 0 0 0 0 0 0 0 0 0 0 0 0 0 0 0 0 0 1 0 0 296 0 0 149 0 0 0 0 148 0 148 148 0 0 0 1 0 0 0 0 2 0 37 0 0 37 84 47 47 47 0 47 47 23 23 0 0 0 0 0 0 0 0 0 0 37 37 37 74 37 0 37 37 37 37 0 0 0 37 37 37 0 37 37 37 37 37 0 0 0 0 0 0 37 0 0 0 37 0 0 0 0 0 0 37 0 74 37 37 37 37 37 37 0 0 0 74 37 37 37 37 37 0 0 0 74 0 0 37 37 37 12 0 6 6 0 0 0 38 0 0 0 0 0 2 0 37 0 0 37 78 41 41 41 41 41 23 23 0 0 0 0 0 0 0 37 37 37 74 37 0 37 37 37 37 0 0 0 37 37 37 0 37 37 0 0 0 0 0 0 0 0 0 0 0 0 0 0 0 0 0 0 0 0 0 0 0 0 0 0 0 0 0 37 0 0 0 37 0 0 0 0 0 0 37 74 37 37 37 37 0 0 0 74 37 37 37 37 37 0 0 0 74 0 0 37 37 37 12 0 6 6 0 0 0 38 0 0 0 0 0 1 0 0 0 0 0 0 0 0 0 0 0 0 0 0 0 0 0 0 0 0 0 0 2 0 37 0 0 37 84 47 47 47 0 47 47 23 23 0 0 0 0 0 0 0 0 0 0 37 37 37 37 0 0 0 37 74 37 0 37 37 37 37 0 0 0 37 37 37 0 37 37 37 37 37 37 0 0 0 0 0 0 37 0 0 37 74 37 37 37 37 37 37 0 0 0 74 0 0 37 37 37 12 0 6 6 0 0 0 38 0 0 0 0 0 2 0 37 0 0 37 84 47 47 47 0 47 47 23 23 0 0 0 0 0 0 0 0 0 0 37 37 37 37 0 0 0 37 74 37 0 37 37 37 37 0 0 0 37 37 37 0 37 37 37 37 37 0 0 0 0 0 0 37 0 0 37 74 37 37 37 37 37 0 0 0 74 0 0 37 37 37 12 0 6 6 0 0 0 38 0 0 0 0 0 2 0 0 0 0 0 0 0 0 0 0 1 0 0 0 0 68 34 68 34 68 34 68 34 35 0 0 0 0 2 1 1 1 0 1 1 1 0 1 0 2 1 1 1 0 1 1 1 0 1 0 2 1 1 1 0 1 1 1 0 1 0 2 1 1 1 0 1 1 1 0 1 0 2 1 1 1 0 1 1 1 0 1 0 2 1 1 1 0 1 1 1 0 1 0 2 1 1 1 0 1 1 1 0 1 0 2 1 1 1 0 1 1 1 0 1 0 2 1 1 1 0 1 1 1 0 1 0 2 1 1 1 0 1 1 1 0 1 0 2 1 1 1 0 1 1 1 0 1 0 2 1 1 1 0 1 1 1 0 1 0 2 1 1 1 0 1 1 1 0 1 0 2 1 1 1 0 1 1 1 0 1 0 2 1 1 1 0 1 1 1 0 1 0 2 1 1 1 0 1 1 1 0 1 0 2 1 1 1 0 1 1 1 0 1 0 2 1 1 1 0 1 1 1 0 1 0 2 1 1 1 0 1 1 1 0 1 0 2 1 1 1 0 1 1 1 0 1 0 2 1 1 1 0 1 1 1 0 1 0 2 1 1 1 0 1 1 1 0 1 0 2 1 1 1 0 1 1 1 0 1 0 2 1 1 1 0 1 1 1 0 1 0 2 1 1 1 0 1 1 1 0 1 0 2 1 1 1 0 1 1 1 0 1 0 2 1 1 1 0 1 1 1 0 1 0 2 1 1 1 0 1 1 1 0 1 0 2 1 1 1 0 1 1 1 0 1 0 2 1 1 1 0 1 1 1 0 1 0 2 1 1 1 0 1 1 1 0 1 0 2 1 1 1 0 1 1 1 0 1 0 2 1 1 1 0 1 1 1 0 1 0 2 1 1 1 0 1 1 1 0 1 0 0 0 2 1 1 1 0 0 0 1 1 0 1 0 2 1 1 1 0 1 1 0 1 0 2 1 1 1 0 0 0 1 1 1 1 0 0 2 1 1 1 0 0 0 1 1 1 1 0 0 2 1 1 1 0 0 0 1 1 0 1 0 2 1 1 1 0 1 1 0 1 0 2 1 1 1 0 0 0 1 1 1 1 0 0 2 1 1 1 0 0 0 1 1 1 1 1 
697:/usr/local/share/minetest/games/minetest_game/mods/tnt/init.lua
0 0 1 0 0 1 0 0 0 1 1 1 0 0 0 1 0 1 1 0 1 0 0 1 2 438 874 437 437 437 437 437 0 2 0 0 0 0 0 0 0 0 0 0 0 0 0 0 0 0 1 0 0 0 0 0 0 0 0 0 0 0 0 0 0 0 0 0 0 0 0 0 0 0 1 0 0 0 0 0 0 0 0 0 0 0 0 0 0 1 0 1 0 0 0 0 0 0 0 0 0 0 0 0 0 0 0 0 0 0 0 0 0 0 0 0 0 0 0 0 0 0 1 0 0 0 0 0 0 0 0 0 0 0 0 0 0 0 0 0 0 0 0 0 0 0 0 0 0 0 0 0 0 0 0 1 0 0 0 0 0 0 0 0 0 0 0 0 0 0 0 0 0 0 0 0 0 0 0 0 0 0 0 0 0 0 0 0 0 0 0 0 0 0 0 0 0 0 0 0 0 0 0 1 0 0 0 0 0 0 0 0 0 0 0 0 0 0 0 0 0 0 0 0 0 0 0 0 0 0 0 0 0 0 0 0 0 0 0 0 0 0 0 0 0 0 0 0 0 0 0 0 0 0 0 0 0 0 0 0 0 0 0 0 0 0 0 0 0 0 1 0 2 0 0 0 0 0 0 0 0 0 0 0 1 0 0 0 0 0 0 0 0 0 0 0 0 0 0 0 0 0 0 0 0 0 0 0 0 0 0 0 0 0 0 0 0 0 0 0 0 0 0 0 0 0 0 0 0 0 0 0 0 0 0 0 0 0 0 0 0 0 0 0 0 0 0 0 0 0 0 0 0 0 0 0 0 0 0 0 0 0 0 0 0 0 0 0 0 0 0 0 0 0 0 0 0 0 0 0 0 0 0 0 0 0 0 0 0 0 0 0 0 0 0 0 0 0 0 0 0 0 0 1 0 2 0 0 0 0 0 0 0 0 0 0 0 0 0 0 0 0 0 0 0 0 0 0 1 0 2 0 0 0 1 0 0 1 0 1 0 0 2 2 0 0 0 0 0 1 0 0 0 0 1 0 0 1 0 1 1 1 2 2 0 0 0 0 0 0 1 0 0 1 0 0 1 0 0 1 0 0 2 0 0 0 0 0 1 0 1 0 0 0 0 1 1 0 0 1 0 0 0 0 1 1 0 0 1 0 0 0 0 1 1 0 0 1 0 0 0 0 1 1 1 0 1 1 0 1 0 0 2 0 1 2 0 0 0 0 0 0 0 0 0 0 0 0 0 0 0 1 0 1 0 0 0 0 1 0 0 2 0 0 1 0 0 2 2 0 1 0 0 1 0 0 0 0 0 0 0 0 0 0 0 0 0 0 0 0 0 0 0 0 0 0 0 0 0 0 0 0 0 0 2 1 1 0 0 1 1 0 1 1 1 1 1 1 0 1 0 0 0 0 0 0 0 0 0 0 0 0 0 0 0 0 0 0 0 0 0 0 0 0 0 0 0 0 0 0 0 0 0 0 0 0 0 0 0 0 0 0 2 1 0 1 1 0 0 0 0 1 1 1 1 0 0 2 1 0 0 1 0 1 0 0 0 0 1 0 2 0 2 0 2 1 1 
224:/usr/local/share/minetest/games/minetest_game/mods/vessels/init.lua
0 0 0 0 0 0 1 0 0 0 1 1 1 1 1 1 2 0 0 0 0 0 0 0 0 0 0 0 0 0 0 0 0 0 0 0 0 0 0 0 0 0 0 0 0 0 0 0 0 1 0 1 2 1 1 0 0 1 2 0 0 0 0 0 0 1 0 0 0 1 0 0 0 0 0 1 0 0 0 0 0 0 1 0 1 1 0 2 0 1 1 1 1 1 0 0 2 2 0 1 0 0 0 0 0 1 0 1 1 1 2 0 0 2 0 1 1 1 1 1 0 0 2 2 0 1 0 0 0 0 0 1 0 1 1 1 2 0 0 2 0 1 1 1 1 1 0 0 2 2 0 1 0 0 0 0 0 1 0 1 1 1 2 0 0 2 0 1 1 1 1 1 0 0 0 0 0 2 2 0 0 0 2 0 0 1 0 0 1 0 0 2 0 0 1 0 0 1 0 0 1 0 0 0 0 0 1 0 0 0 0 0 1 0 0 0 0 0 0 2 2 1 0 1 
72:/usr/local/share/minetest/games/minetest_game/mods/walls/init.lua
0 0 1 0 1 0 0 1 0 1 0 3 0 0 0 6 3 0 3 0 3 0 3 3 3 3 3 3 0 3 0 0 3 3 3 3 3 3 0 0 3 0 3 3 0 0 0 0 0 0 6 0 0 6 3 3 3 3 3 3 0 0 4 0 3 1 0 3 1 0 3 2 
135:/usr/local/share/minetest/games/minetest_game/mods/weather/init.lua
0 0 1 1 0 0 0 1 0 0 0 0 0 0 0 0 0 0 1 1 0 1 0 0 1 0 0 0 0 0 0 1 0 0 1 0 0 0 0 0 0 1 0 0 1 0 0 0 0 0 0 1 0 0 1 0 0 0 0 0 0 0 0 0 0 0 1 0 0 0 0 0 0 0 0 0 1 0 1 1 0 0 0 0 0 0 0 0 0 0 0 0 0 0 0 0 0 0 0 0 0 0 0 0 0 0 0 0 0 0 0 0 0 0 0 0 0 0 1 0 0 0 0 0 1 0 0 1 0 0 0 0 2 0 2 
32:/usr/local/share/minetest/games/minetest_game/mods/wool/init.lua
0 0 0 1 0 1 0 16 15 0 15 0 30 30 15 0 15 15 30 0 0 30 0 15 15 0 0 0 0 0 1 2 
261:/usr/local/share/minetest/games/minetest_game/mods/xpanes/init.lua
0 0 0 1 0 0 0 0 1 0 0 0 0 0 0 0 0 0 0 0 0 0 0 0 0 0 0 1 0 0 0 0 0 0 0 1 0 0 0 0 0 0 0 0 0 0 0 0 0 0 0 0 0 0 0 0 0 0 0 0 0 0 0 0 0 0 0 0 0 0 0 1 0 2 0 0 0 0 0 0 0 1 0 2 0 0 0 0 1 0 1 2 48 45 0 0 3 3 6 3 0 0 0 0 3 3 0 3 3 3 3 3 3 3 3 3 3 3 3 3 0 3 3 3 0 3 3 3 0 0 3 3 3 6 0 0 0 0 3 3 3 3 3 3 3 3 3 3 3 0 3 3 3 3 3 3 3 0 0 6 3 3 0 4 0 2 2 1 0 0 2 1 1 1 1 1 0 0 2 2 1 0 0 2 1 1 1 1 1 0 0 2 2 1 0 0 1 2 1 1 1 1 0 0 2 0 1 0 0 0 0 0 0 1 0 0 0 0 1 0 2 1 2 0 0 1 2 0 0 0 0 1 1 1 1 1 0 0 2 2 0 0 0 0 0 1 2 0 0 0 0 0 0 2 0 1 1 1 1 0 1 
